This is pdfTeX, Version 3.141592653-2.6-1.40.22 (TeX Live 2022/dev/Debian) (preloaded format=pdflatex 2025.2.5)  11 FEB 2025 21:44
entering extended mode
 restricted \write18 enabled.
 %&-line parsing enabled.
**supplement.tex
(./supplement.tex
LaTeX2e <2021-11-15> patch level 1
L3 programming layer <2022-01-21>
(/usr/share/texlive/texmf-dist/tex/latex/ieeetran/IEEEtran.cls
Document Class: IEEEtran 2015/08/26 V1.8b by Michael Shell
-- See the "IEEEtran_HOWTO" manual for usage information.
-- http://www.michaelshell.org/tex/ieeetran/
\@IEEEtrantmpdimenA=\dimen138
\@IEEEtrantmpdimenB=\dimen139
\@IEEEtrantmpdimenC=\dimen140
\@IEEEtrantmpcountA=\count185
\@IEEEtrantmpcountB=\count186
\@IEEEtrantmpcountC=\count187
\@IEEEtrantmptoksA=\toks16
LaTeX Font Info:    Trying to load font information for OT1+ptm on input line 5
03.
(/usr/share/texlive/texmf-dist/tex/latex/psnfss/ot1ptm.fd
File: ot1ptm.fd 2001/06/04 font definitions for OT1/ptm.
)
-- Using 8.5in x 11in (letter) paper.
-- Using PDF output.
\@IEEEnormalsizeunitybaselineskip=\dimen141
-- This is a 10 point document.
\CLASSINFOnormalsizebaselineskip=\dimen142
\CLASSINFOnormalsizeunitybaselineskip=\dimen143
\IEEEnormaljot=\dimen144
LaTeX Font Info:    Font shape `OT1/ptm/bx/n' in size <5> not available
(Font)              Font shape `OT1/ptm/b/n' tried instead on input line 1090.
LaTeX Font Info:    Font shape `OT1/ptm/bx/it' in size <5> not available
(Font)              Font shape `OT1/ptm/b/it' tried instead on input line 1090.

LaTeX Font Info:    Font shape `OT1/ptm/bx/n' in size <7> not available
(Font)              Font shape `OT1/ptm/b/n' tried instead on input line 1090.
LaTeX Font Info:    Font shape `OT1/ptm/bx/it' in size <7> not available
(Font)              Font shape `OT1/ptm/b/it' tried instead on input line 1090.

LaTeX Font Info:    Font shape `OT1/ptm/bx/n' in size <8> not available
(Font)              Font shape `OT1/ptm/b/n' tried instead on input line 1090.
LaTeX Font Info:    Font shape `OT1/ptm/bx/it' in size <8> not available
(Font)              Font shape `OT1/ptm/b/it' tried instead on input line 1090.

LaTeX Font Info:    Font shape `OT1/ptm/bx/n' in size <9> not available
(Font)              Font shape `OT1/ptm/b/n' tried instead on input line 1090.
LaTeX Font Info:    Font shape `OT1/ptm/bx/it' in size <9> not available
(Font)              Font shape `OT1/ptm/b/it' tried instead on input line 1090.

LaTeX Font Info:    Font shape `OT1/ptm/bx/n' in size <10> not available
(Font)              Font shape `OT1/ptm/b/n' tried instead on input line 1090.
LaTeX Font Info:    Font shape `OT1/ptm/bx/it' in size <10> not available
(Font)              Font shape `OT1/ptm/b/it' tried instead on input line 1090.

LaTeX Font Info:    Font shape `OT1/ptm/bx/n' in size <11> not available
(Font)              Font shape `OT1/ptm/b/n' tried instead on input line 1090.
LaTeX Font Info:    Font shape `OT1/ptm/bx/it' in size <11> not available
(Font)              Font shape `OT1/ptm/b/it' tried instead on input line 1090.

LaTeX Font Info:    Font shape `OT1/ptm/bx/n' in size <12> not available
(Font)              Font shape `OT1/ptm/b/n' tried instead on input line 1090.
LaTeX Font Info:    Font shape `OT1/ptm/bx/it' in size <12> not available
(Font)              Font shape `OT1/ptm/b/it' tried instead on input line 1090.

LaTeX Font Info:    Font shape `OT1/ptm/bx/n' in size <17> not available
(Font)              Font shape `OT1/ptm/b/n' tried instead on input line 1090.
LaTeX Font Info:    Font shape `OT1/ptm/bx/it' in size <17> not available
(Font)              Font shape `OT1/ptm/b/it' tried instead on input line 1090.

LaTeX Font Info:    Font shape `OT1/ptm/bx/n' in size <20> not available
(Font)              Font shape `OT1/ptm/b/n' tried instead on input line 1090.
LaTeX Font Info:    Font shape `OT1/ptm/bx/it' in size <20> not available
(Font)              Font shape `OT1/ptm/b/it' tried instead on input line 1090.

LaTeX Font Info:    Font shape `OT1/ptm/bx/n' in size <24> not available
(Font)              Font shape `OT1/ptm/b/n' tried instead on input line 1090.
LaTeX Font Info:    Font shape `OT1/ptm/bx/it' in size <24> not available
(Font)              Font shape `OT1/ptm/b/it' tried instead on input line 1090.

\IEEEquantizedlength=\dimen145
\IEEEquantizedlengthdiff=\dimen146
\IEEEquantizedtextheightdiff=\dimen147
\IEEEilabelindentA=\dimen148
\IEEEilabelindentB=\dimen149
\IEEEilabelindent=\dimen150
\IEEEelabelindent=\dimen151
\IEEEdlabelindent=\dimen152
\IEEElabelindent=\dimen153
\IEEEiednormlabelsep=\dimen154
\IEEEiedmathlabelsep=\dimen155
\IEEEiedtopsep=\skip47
\c@section=\count188
\c@subsection=\count189
\c@subsubsection=\count190
\c@paragraph=\count191
\c@IEEEsubequation=\count192
\abovecaptionskip=\skip48
\belowcaptionskip=\skip49
\c@figure=\count193
\c@table=\count194
\@IEEEeqnnumcols=\count195
\@IEEEeqncolcnt=\count196
\@IEEEsubeqnnumrollback=\count197
\@IEEEquantizeheightA=\dimen156
\@IEEEquantizeheightB=\dimen157
\@IEEEquantizeheightC=\dimen158
\@IEEEquantizeprevdepth=\dimen159
\@IEEEquantizemultiple=\count198
\@IEEEquantizeboxA=\box50
\@IEEEtmpitemindent=\dimen160
\IEEEPARstartletwidth=\dimen161
\c@IEEEbiography=\count199
\@IEEEtranrubishbin=\box51
)
** ATTENTION: Overriding command lockouts (line 2).
(/usr/share/texlive/texmf-dist/tex/latex/cite/cite.sty
LaTeX Info: Redefining \cite on input line 302.
LaTeX Info: Redefining \nocite on input line 332.
Package: cite 2015/02/27  v 5.5
)
(/usr/share/texlive/texmf-dist/tex/latex/caption/caption.sty
Package: caption 2020/10/26 v3.5g Customizing captions (AR)

(/usr/share/texlive/texmf-dist/tex/latex/caption/caption3.sty
Package: caption3 2020/10/21 v2.2e caption3 kernel (AR)

(/usr/share/texlive/texmf-dist/tex/latex/graphics/keyval.sty
Package: keyval 2014/10/28 v1.15 key=value parser (DPC)
\KV@toks@=\toks17
)
\captionmargin=\dimen162
\captionmargin@=\dimen163
\captionwidth=\dimen164
\caption@tempdima=\dimen165
\caption@indent=\dimen166
\caption@parindent=\dimen167
\caption@hangindent=\dimen168
Package caption Info: Unknown document class (or package),
(caption)             standard defaults will be used.
Package caption Info: \@makecaption = \long macro:#1#2->\ifx \@captype \@IEEEta
blestring \footnotesize \bgroup \par \centering \@IEEEtabletopskipstrut {\norma
lfont \footnotesize #1}\\{\normalfont \footnotesize \scshape #2}\par \addvspace
 {0.5\baselineskip }\egroup \@IEEEtablecaptionsepspace \else \@IEEEfigurecaptio
nsepspace \setbox \@tempboxa \hbox {\normalfont \footnotesize {#1.}\nobreakspac
e \nobreakspace #2}\ifdim \wd \@tempboxa >\hsize \setbox \@tempboxa \hbox {\nor
malfont \footnotesize {#1.}\nobreakspace \nobreakspace }\parbox [t]{\hsize }{\n
ormalfont \footnotesize \noindent \unhbox \@tempboxa #2}\else \ifCLASSOPTIONcon
ference \hbox to\hsize {\normalfont \footnotesize \hfil \box \@tempboxa \hfil }
\else \hbox to\hsize {\normalfont \footnotesize \box \@tempboxa \hfil }\fi \fi 
\fi  on input line 1139.
)

Package caption Warning: Unknown document class (or package),
(caption)                standard defaults will be used.
See the caption package documentation for explanation.

\c@caption@flags=\count266
\c@continuedfloat=\count267
) (/usr/share/texlive/texmf-dist/tex/latex/tools/tabularx.sty
Package: tabularx 2020/01/15 v2.11c `tabularx' package (DPC)

(/usr/share/texlive/texmf-dist/tex/latex/tools/array.sty
Package: array 2021/10/04 v2.5f Tabular extension package (FMi)
\col@sep=\dimen169
\ar@mcellbox=\box52
\extrarowheight=\dimen170
\NC@list=\toks18
\extratabsurround=\skip50
\backup@length=\skip51
\ar@cellbox=\box53
)
\TX@col@width=\dimen171
\TX@old@table=\dimen172
\TX@old@col=\dimen173
\TX@target=\dimen174
\TX@delta=\dimen175
\TX@cols=\count268
\TX@ftn=\toks19
)
(/usr/share/texlive/texmf-dist/tex/latex/adjustbox/adjustbox.sty
Package: adjustbox 2020/08/19 v1.3 Adjusting TeX boxes (trim, clip, ...)

(/usr/share/texlive/texmf-dist/tex/latex/xkeyval/xkeyval.sty
Package: xkeyval 2020/11/20 v2.8 package option processing (HA)

(/usr/share/texlive/texmf-dist/tex/generic/xkeyval/xkeyval.tex
(/usr/share/texlive/texmf-dist/tex/generic/xkeyval/xkvutils.tex
\XKV@toks=\toks20
\XKV@tempa@toks=\toks21
)
\XKV@depth=\count269
File: xkeyval.tex 2014/12/03 v2.7a key=value parser (HA)
))
(/usr/share/texlive/texmf-dist/tex/latex/adjustbox/adjcalc.sty
Package: adjcalc 2012/05/16 v1.1 Provides advanced setlength with multiple back
-ends (calc, etex, pgfmath)
)
(/usr/share/texlive/texmf-dist/tex/latex/adjustbox/trimclip.sty
Package: trimclip 2020/08/19 v1.2 Trim and clip general TeX material

(/usr/share/texlive/texmf-dist/tex/latex/graphics/graphicx.sty
Package: graphicx 2021/09/16 v1.2d Enhanced LaTeX Graphics (DPC,SPQR)

(/usr/share/texlive/texmf-dist/tex/latex/graphics/graphics.sty
Package: graphics 2021/03/04 v1.4d Standard LaTeX Graphics (DPC,SPQR)

(/usr/share/texlive/texmf-dist/tex/latex/graphics/trig.sty
Package: trig 2021/08/11 v1.11 sin cos tan (DPC)
)
(/usr/share/texlive/texmf-dist/tex/latex/graphics-cfg/graphics.cfg
File: graphics.cfg 2016/06/04 v1.11 sample graphics configuration
)
Package graphics Info: Driver file: pdftex.def on input line 107.

(/usr/share/texlive/texmf-dist/tex/latex/graphics-def/pdftex.def
File: pdftex.def 2020/10/05 v1.2a Graphics/color driver for pdftex
))
\Gin@req@height=\dimen176
\Gin@req@width=\dimen177
)
(/usr/share/texlive/texmf-dist/tex/latex/collectbox/collectbox.sty
Package: collectbox 2012/05/17 v0.4b Collect macro arguments as boxes
\collectedbox=\box54
)
\tc@llx=\dimen178
\tc@lly=\dimen179
\tc@urx=\dimen180
\tc@ury=\dimen181
Package trimclip Info: Using driver 'tc-pdftex.def'.

(/usr/share/texlive/texmf-dist/tex/latex/adjustbox/tc-pdftex.def
File: tc-pdftex.def 2019/01/04 v2.2 Clipping driver for pdftex
))
\adjbox@Width=\dimen182
\adjbox@Height=\dimen183
\adjbox@Depth=\dimen184
\adjbox@Totalheight=\dimen185
\adjbox@pwidth=\dimen186
\adjbox@pheight=\dimen187
\adjbox@pdepth=\dimen188
\adjbox@ptotalheight=\dimen189

(/usr/share/texlive/texmf-dist/tex/latex/ifoddpage/ifoddpage.sty
Package: ifoddpage 2016/04/23 v1.1 Conditionals for odd/even page detection
\c@checkoddpage=\count270
)
(/usr/share/texlive/texmf-dist/tex/latex/varwidth/varwidth.sty
Package: varwidth 2009/03/30 ver 0.92;  Variable-width minipages
\@vwid@box=\box55
\sift@deathcycles=\count271
\@vwid@loff=\dimen190
\@vwid@roff=\dimen191
))
(/usr/share/texlive/texmf-dist/tex/latex/booktabs/booktabs.sty
Package: booktabs 2020/01/12 v1.61803398 Publication quality tables
\heavyrulewidth=\dimen192
\lightrulewidth=\dimen193
\cmidrulewidth=\dimen194
\belowrulesep=\dimen195
\belowbottomsep=\dimen196
\aboverulesep=\dimen197
\abovetopsep=\dimen198
\cmidrulesep=\dimen199
\cmidrulekern=\dimen256
\defaultaddspace=\dimen257
\@cmidla=\count272
\@cmidlb=\count273
\@aboverulesep=\dimen258
\@belowrulesep=\dimen259
\@thisruleclass=\count274
\@lastruleclass=\count275
\@thisrulewidth=\dimen260
)
(/usr/share/texlive/texmf-dist/tex/latex/amsmath/amsmath.sty
Package: amsmath 2021/10/15 v2.17l AMS math features
\@mathmargin=\skip52

For additional information on amsmath, use the `?' option.
(/usr/share/texlive/texmf-dist/tex/latex/amsmath/amstext.sty
Package: amstext 2021/08/26 v2.01 AMS text

(/usr/share/texlive/texmf-dist/tex/latex/amsmath/amsgen.sty
File: amsgen.sty 1999/11/30 v2.0 generic functions
\@emptytoks=\toks22
\ex@=\dimen261
))
(/usr/share/texlive/texmf-dist/tex/latex/amsmath/amsbsy.sty
Package: amsbsy 1999/11/29 v1.2d Bold Symbols
\pmbraise@=\dimen262
)
(/usr/share/texlive/texmf-dist/tex/latex/amsmath/amsopn.sty
Package: amsopn 2021/08/26 v2.02 operator names
)
\inf@bad=\count276
LaTeX Info: Redefining \frac on input line 234.
\uproot@=\count277
\leftroot@=\count278
LaTeX Info: Redefining \overline on input line 399.
\classnum@=\count279
\DOTSCASE@=\count280
LaTeX Info: Redefining \ldots on input line 496.
LaTeX Info: Redefining \dots on input line 499.
LaTeX Info: Redefining \cdots on input line 620.
\Mathstrutbox@=\box56
\strutbox@=\box57
\big@size=\dimen263
LaTeX Font Info:    Redeclaring font encoding OML on input line 743.
LaTeX Font Info:    Redeclaring font encoding OMS on input line 744.
\macc@depth=\count281
\c@MaxMatrixCols=\count282
\dotsspace@=\muskip16
\c@parentequation=\count283
\dspbrk@lvl=\count284
\tag@help=\toks23
\row@=\count285
\column@=\count286
\maxfields@=\count287
\andhelp@=\toks24
\eqnshift@=\dimen264
\alignsep@=\dimen265
\tagshift@=\dimen266
\tagwidth@=\dimen267
\totwidth@=\dimen268
\lineht@=\dimen269
\@envbody=\toks25
\multlinegap=\skip53
\multlinetaggap=\skip54
\mathdisplay@stack=\toks26
LaTeX Info: Redefining \[ on input line 2938.
LaTeX Info: Redefining \] on input line 2939.
)
(/usr/share/texlive/texmf-dist/tex/latex/amsfonts/amssymb.sty
Package: amssymb 2013/01/14 v3.01 AMS font symbols

(/usr/share/texlive/texmf-dist/tex/latex/amsfonts/amsfonts.sty
Package: amsfonts 2013/01/14 v3.01 Basic AMSFonts support
\symAMSa=\mathgroup4
\symAMSb=\mathgroup5
LaTeX Font Info:    Redeclaring math symbol \hbar on input line 98.
LaTeX Font Info:    Overwriting math alphabet `\mathfrak' in version `bold'
(Font)                  U/euf/m/n --> U/euf/b/n on input line 106.
))
(/usr/share/texlive/texmf-dist/tex/latex/algorithms/algorithmic.sty
Package: algorithmic 2009/08/24 v0.1 Document Style `algorithmic'

(/usr/share/texlive/texmf-dist/tex/latex/base/ifthen.sty
Package: ifthen 2020/11/24 v1.1c Standard LaTeX ifthen package (DPC)
)
\c@ALC@unique=\count288
\c@ALC@line=\count289
\c@ALC@rem=\count290
\c@ALC@depth=\count291
\ALC@tlm=\skip55
\algorithmicindent=\skip56
)
(/usr/share/texlive/texmf-dist/tex/latex/base/textcomp.sty
Package: textcomp 2020/02/02 v2.0n Standard LaTeX package
)
(/usr/share/texlive/texmf-dist/tex/latex/tools/longtable.sty
Package: longtable 2021-09-01 v4.17 Multi-page Table package (DPC)
\LTleft=\skip57
\LTright=\skip58
\LTpre=\skip59
\LTpost=\skip60
\LTchunksize=\count292
\LTcapwidth=\dimen270
\LT@head=\box58
\LT@firsthead=\box59
\LT@foot=\box60
\LT@lastfoot=\box61
\LT@gbox=\box62
\LT@cols=\count293
\LT@rows=\count294
\c@LT@tables=\count295
\c@LT@chunks=\count296
\LT@p@ftn=\toks27
)
(/usr/share/texlive/texmf-dist/tex/latex/float/float.sty
Package: float 2001/11/08 v1.3d Float enhancements (AL)
\c@float@type=\count297
\float@exts=\toks28
\float@box=\box63
\@float@everytoks=\toks29
\@floatcapt=\box64
)
(/usr/share/texlive/texmf-dist/tex/latex/xcolor/xcolor.sty
Package: xcolor 2021/10/31 v2.13 LaTeX color extensions (UK)

(/usr/share/texlive/texmf-dist/tex/latex/graphics-cfg/color.cfg
File: color.cfg 2016/01/02 v1.6 sample color configuration
)
Package xcolor Info: Driver file: pdftex.def on input line 227.

(/usr/share/texlive/texmf-dist/tex/latex/colortbl/colortbl.sty
Package: colortbl 2020/01/04 v1.0e Color table columns (DPC)
\everycr=\toks30
\minrowclearance=\skip61
)
\rownum=\count298
Package xcolor Info: Model `cmy' substituted by `cmy0' on input line 1352.
Package xcolor Info: Model `hsb' substituted by `rgb' on input line 1356.
Package xcolor Info: Model `RGB' extended on input line 1368.
Package xcolor Info: Model `HTML' substituted by `rgb' on input line 1370.
Package xcolor Info: Model `Hsb' substituted by `hsb' on input line 1371.
Package xcolor Info: Model `tHsb' substituted by `hsb' on input line 1372.
Package xcolor Info: Model `HSB' substituted by `hsb' on input line 1373.
Package xcolor Info: Model `Gray' substituted by `gray' on input line 1374.
Package xcolor Info: Model `wave' substituted by `hsb' on input line 1375.
)
(/usr/share/texlive/texmf-dist/tex/latex/caption/subcaption.sty
Package: subcaption 2020/10/07 v1.3j Sub-captions (AR)
\c@subfigure=\count299
\c@subtable=\count300
)
(/usr/share/texlive/texmf-dist/tex/latex/blindtext/blindtext.sty
Package: blindtext 2012/01/06 V2.0 blindtext-Package

(/usr/share/texlive/texmf-dist/tex/latex/tools/xspace.sty
Package: xspace 2014/10/28 v1.13 Space after command names (DPC,MH)
)
\c@blindtext=\count301
\c@Blindtext=\count302
\c@blind@countparstart=\count303
\blind@countxx=\count304
\blindtext@numBlindtext=\count305
\blind@countyy=\count306
\c@blindlist=\count307
\c@blindlistlevel=\count308
\c@blindlist@level=\count309
\blind@listitem=\count310
\c@blind@listcount=\count311
\c@blind@levelcount=\count312
\blind@mathformula=\count313
\blind@Mathformula=\count314
\c@blind@randomcount=\count315
\c@blind@randommax=\count316
\c@blind@pangramcount=\count317
\c@blind@pangrammax=\count318
)
(/usr/share/texlive/texmf-dist/tex/latex/setspace/setspace.sty
Package: setspace 2011/12/19 v6.7a set line spacing
)
(/usr/share/texlive/texmf-dist/tex/latex/siunitx/siunitx.sty
Package: siunitx 2022-02-02 v3.0.46 A comprehensive (SI) units package
\l__siunitx_angle_tmp_dim=\dimen271
\l__siunitx_angle_marker_box=\box65
\l__siunitx_angle_unit_box=\box66
\l__siunitx_compound_count_int=\count319

(/usr/share/texlive/texmf-dist/tex/latex/translations/translations.sty
Package: translations 2022/01/04 v1.11 internationalization of LaTeX2e packages
 (CN)

(/usr/share/texlive/texmf-dist/tex/latex/etoolbox/etoolbox.sty
Package: etoolbox 2020/10/05 v2.5k e-TeX tools for LaTeX (JAW)
\etb@tempcnta=\count320
)
(/usr/share/texlive/texmf-dist/tex/generic/pdftexcmds/pdftexcmds.sty
Package: pdftexcmds 2020-06-27 v0.33 Utility functions of pdfTeX for LuaTeX (HO
)

(/usr/share/texlive/texmf-dist/tex/generic/infwarerr/infwarerr.sty
Package: infwarerr 2019/12/03 v1.5 Providing info/warning/error messages (HO)
)
(/usr/share/texlive/texmf-dist/tex/generic/iftex/iftex.sty
Package: iftex 2020/03/06 v1.0d TeX engine tests
)
(/usr/share/texlive/texmf-dist/tex/generic/ltxcmds/ltxcmds.sty
Package: ltxcmds 2020-05-10 v1.25 LaTeX kernel commands for general use (HO)
)
Package pdftexcmds Info: \pdf@primitive is available.
Package pdftexcmds Info: \pdf@ifprimitive is available.
Package pdftexcmds Info: \pdfdraftmode found.
))
\l__siunitx_number_exponent_fixed_int=\count321
\l__siunitx_number_min_decimal_int=\count322
\l__siunitx_number_min_integer_int=\count323
\l__siunitx_number_round_precision_int=\count324
\l__siunitx_number_group_minimum_int=\count325
\l__siunitx_table_tmp_box=\box67
\l__siunitx_table_tmp_dim=\dimen272
\l__siunitx_table_column_width_dim=\dimen273
\l__siunitx_table_integer_box=\box68
\l__siunitx_table_decimal_box=\box69
\l__siunitx_table_before_box=\box70
\l__siunitx_table_after_box=\box71
\l__siunitx_table_before_dim=\dimen274
\l__siunitx_table_carry_dim=\dimen275
\l__siunitx_unit_tmp_int=\count326
\l__siunitx_unit_position_int=\count327
\l__siunitx_unit_total_int=\count328

(/usr/share/texlive/texmf-dist/tex/latex/l3packages/l3keys2e/l3keys2e.sty
(/usr/share/texlive/texmf-dist/tex/latex/l3kernel/expl3.sty
Package: expl3 2022-01-21 L3 programming layer (loader) 

(/usr/share/texlive/texmf-dist/tex/latex/l3backend/l3backend-pdftex.def
File: l3backend-pdftex.def 2022-01-12 L3 backend support: PDF output (pdfTeX)
\l__color_backend_stack_int=\count329
\l__pdf_internal_box=\box72
))
Package: l3keys2e 2022-01-12 LaTeX2e option processing using LaTeX3 keys
))
(/usr/share/texlive/texmf-dist/tex/latex/comment/comment.sty
\CommentStream=\write3

Excluding comment 'comment')
(/usr/share/texlive/texmf-dist/tex/latex/multirow/multirow.sty
Package: multirow 2021/03/15 v2.8 Span multiple rows of a table
\multirow@colwidth=\skip62
\multirow@cntb=\count330
\multirow@dima=\skip63
\bigstrutjot=\dimen276
)
(/usr/share/texlive/texmf-dist/tex/latex/threeparttable/threeparttable.sty
Package: threeparttable 2003/06/13  v 3.0
\@tempboxb=\box73
)
(/usr/share/texlive/texmf-dist/tex/latex/geometry/geometry.sty
Package: geometry 2020/01/02 v5.9 Page Geometry

(/usr/share/texlive/texmf-dist/tex/generic/iftex/ifvtex.sty
Package: ifvtex 2019/10/25 v1.7 ifvtex legacy package. Use iftex instead.
)
\Gm@cnth=\count331
\Gm@cntv=\count332
\c@Gm@tempcnt=\count333
\Gm@bindingoffset=\dimen277
\Gm@wd@mp=\dimen278
\Gm@odd@mp=\dimen279
\Gm@even@mp=\dimen280
\Gm@layoutwidth=\dimen281
\Gm@layoutheight=\dimen282
\Gm@layouthoffset=\dimen283
\Gm@layoutvoffset=\dimen284
\Gm@dimlist=\toks31
)
(/usr/share/texlive/texmf-dist/tex/latex/footmisc/footmisc.sty
Package: footmisc 2011/06/06 v5.5b a miscellany of footnote facilities
\FN@temptoken=\toks32
\footnotemargin=\dimen285
\c@pp@next@reset=\count334
Package footmisc Info: Declaring symbol style bringhurst on input line 855.
Package footmisc Info: Declaring symbol style chicago on input line 863.
Package footmisc Info: Declaring symbol style wiley on input line 872.
Package footmisc Info: Declaring symbol style lamport-robust on input line 883.

Package footmisc Info: Declaring symbol style lamport* on input line 903.
Package footmisc Info: Declaring symbol style lamport*-robust on input line 924
.
)
(/usr/share/texlive/texmf-dist/tex/latex/placeins/placeins.sty
Package: placeins 2005/04/18  v 2.2
)
(/usr/share/texlive/texmf-dist/tex/latex/tools/afterpage.sty
Package: afterpage 2014/10/28 v1.08 After-Page Package (DPC)
\AP@output=\toks33
\AP@partial=\box74
\AP@footins=\box75
)
Package translations Info: No language package found. I am going to use `englis
h' as default language. on input line 41.
 (./supplement.aux

LaTeX Warning: Label `fig:1' multiply defined.


LaTeX Warning: Label `sub@fig:1' multiply defined.


LaTeX Warning: Label `fig:4' multiply defined.


LaTeX Warning: Label `sub@fig:4' multiply defined.


LaTeX Warning: Label `fig:2' multiply defined.


LaTeX Warning: Label `sub@fig:2' multiply defined.


LaTeX Warning: Label `fig:5' multiply defined.


LaTeX Warning: Label `sub@fig:5' multiply defined.


LaTeX Warning: Label `fig:3' multiply defined.


LaTeX Warning: Label `sub@fig:3' multiply defined.


LaTeX Warning: Label `fig:6' multiply defined.


LaTeX Warning: Label `sub@fig:6' multiply defined.


LaTeX Warning: Label `fig:1' multiply defined.


LaTeX Warning: Label `sub@fig:1' multiply defined.


LaTeX Warning: Label `fig:4' multiply defined.


LaTeX Warning: Label `sub@fig:4' multiply defined.


LaTeX Warning: Label `fig:2' multiply defined.


LaTeX Warning: Label `sub@fig:2' multiply defined.


LaTeX Warning: Label `fig:5' multiply defined.


LaTeX Warning: Label `sub@fig:5' multiply defined.


LaTeX Warning: Label `fig:3' multiply defined.


LaTeX Warning: Label `sub@fig:3' multiply defined.


LaTeX Warning: Label `fig:6' multiply defined.


LaTeX Warning: Label `sub@fig:6' multiply defined.


LaTeX Warning: Label `fig:1' multiply defined.


LaTeX Warning: Label `sub@fig:1' multiply defined.


LaTeX Warning: Label `fig:4' multiply defined.


LaTeX Warning: Label `sub@fig:4' multiply defined.


LaTeX Warning: Label `fig:2' multiply defined.


LaTeX Warning: Label `sub@fig:2' multiply defined.


LaTeX Warning: Label `fig:5' multiply defined.


LaTeX Warning: Label `sub@fig:5' multiply defined.


LaTeX Warning: Label `fig:3' multiply defined.


LaTeX Warning: Label `sub@fig:3' multiply defined.


LaTeX Warning: Label `fig:6' multiply defined.


LaTeX Warning: Label `sub@fig:6' multiply defined.


LaTeX Warning: Label `fig:1' multiply defined.


LaTeX Warning: Label `sub@fig:1' multiply defined.


LaTeX Warning: Label `fig:4' multiply defined.


LaTeX Warning: Label `sub@fig:4' multiply defined.


LaTeX Warning: Label `fig:1' multiply defined.


LaTeX Warning: Label `sub@fig:1' multiply defined.


LaTeX Warning: Label `fig:4' multiply defined.


LaTeX Warning: Label `sub@fig:4' multiply defined.


LaTeX Warning: Label `fig:1' multiply defined.


LaTeX Warning: Label `sub@fig:1' multiply defined.


LaTeX Warning: Label `fig:4' multiply defined.


LaTeX Warning: Label `sub@fig:4' multiply defined.


LaTeX Warning: Label `fig:1' multiply defined.


LaTeX Warning: Label `sub@fig:1' multiply defined.


LaTeX Warning: Label `fig:4' multiply defined.


LaTeX Warning: Label `sub@fig:4' multiply defined.


LaTeX Warning: Label `fig:1' multiply defined.


LaTeX Warning: Label `sub@fig:1' multiply defined.


LaTeX Warning: Label `fig:4' multiply defined.


LaTeX Warning: Label `sub@fig:4' multiply defined.


LaTeX Warning: Label `fig:1' multiply defined.


LaTeX Warning: Label `sub@fig:1' multiply defined.


LaTeX Warning: Label `fig:4' multiply defined.


LaTeX Warning: Label `sub@fig:4' multiply defined.


LaTeX Warning: Label `fig:1' multiply defined.


LaTeX Warning: Label `sub@fig:1' multiply defined.


LaTeX Warning: Label `fig:4' multiply defined.


LaTeX Warning: Label `sub@fig:4' multiply defined.


LaTeX Warning: Label `fig:1' multiply defined.


LaTeX Warning: Label `sub@fig:1' multiply defined.


LaTeX Warning: Label `fig:4' multiply defined.


LaTeX Warning: Label `sub@fig:4' multiply defined.


LaTeX Warning: Label `fig:1' multiply defined.


LaTeX Warning: Label `sub@fig:1' multiply defined.


LaTeX Warning: Label `fig:2' multiply defined.


LaTeX Warning: Label `sub@fig:2' multiply defined.


LaTeX Warning: Label `fig:3' multiply defined.


LaTeX Warning: Label `sub@fig:3' multiply defined.


LaTeX Warning: Label `fig:4' multiply defined.


LaTeX Warning: Label `sub@fig:4' multiply defined.


LaTeX Warning: Label `fig:5' multiply defined.


LaTeX Warning: Label `sub@fig:5' multiply defined.


LaTeX Warning: Label `fig:6' multiply defined.


LaTeX Warning: Label `sub@fig:6' multiply defined.


LaTeX Warning: Label `fig:1' multiply defined.


LaTeX Warning: Label `sub@fig:1' multiply defined.


LaTeX Warning: Label `fig:2' multiply defined.


LaTeX Warning: Label `sub@fig:2' multiply defined.


LaTeX Warning: Label `fig:3' multiply defined.


LaTeX Warning: Label `sub@fig:3' multiply defined.


LaTeX Warning: Label `fig:4' multiply defined.


LaTeX Warning: Label `sub@fig:4' multiply defined.


LaTeX Warning: Label `fig:5' multiply defined.


LaTeX Warning: Label `sub@fig:5' multiply defined.


LaTeX Warning: Label `fig:6' multiply defined.


LaTeX Warning: Label `sub@fig:6' multiply defined.


LaTeX Warning: Label `fig:1' multiply defined.


LaTeX Warning: Label `sub@fig:1' multiply defined.


LaTeX Warning: Label `fig:2' multiply defined.


LaTeX Warning: Label `sub@fig:2' multiply defined.


LaTeX Warning: Label `fig:3' multiply defined.


LaTeX Warning: Label `sub@fig:3' multiply defined.


LaTeX Warning: Label `fig:4' multiply defined.


LaTeX Warning: Label `sub@fig:4' multiply defined.


LaTeX Warning: Label `fig:5' multiply defined.


LaTeX Warning: Label `sub@fig:5' multiply defined.


LaTeX Warning: Label `fig:6' multiply defined.


LaTeX Warning: Label `sub@fig:6' multiply defined.


LaTeX Warning: Label `fig:1' multiply defined.


LaTeX Warning: Label `sub@fig:1' multiply defined.


LaTeX Warning: Label `fig:2' multiply defined.


LaTeX Warning: Label `sub@fig:2' multiply defined.


LaTeX Warning: Label `fig:3' multiply defined.


LaTeX Warning: Label `sub@fig:3' multiply defined.


LaTeX Warning: Label `fig:4' multiply defined.


LaTeX Warning: Label `sub@fig:4' multiply defined.


LaTeX Warning: Label `fig:5' multiply defined.


LaTeX Warning: Label `sub@fig:5' multiply defined.


LaTeX Warning: Label `fig:6' multiply defined.


LaTeX Warning: Label `sub@fig:6' multiply defined.


LaTeX Warning: Label `fig:1' multiply defined.


LaTeX Warning: Label `sub@fig:1' multiply defined.


LaTeX Warning: Label `fig:2' multiply defined.


LaTeX Warning: Label `sub@fig:2' multiply defined.


LaTeX Warning: Label `fig:3' multiply defined.


LaTeX Warning: Label `sub@fig:3' multiply defined.


LaTeX Warning: Label `fig:4' multiply defined.


LaTeX Warning: Label `sub@fig:4' multiply defined.


LaTeX Warning: Label `fig:5' multiply defined.


LaTeX Warning: Label `sub@fig:5' multiply defined.


LaTeX Warning: Label `fig:6' multiply defined.


LaTeX Warning: Label `sub@fig:6' multiply defined.


LaTeX Warning: Label `fig:1' multiply defined.


LaTeX Warning: Label `sub@fig:1' multiply defined.


LaTeX Warning: Label `fig:2' multiply defined.


LaTeX Warning: Label `sub@fig:2' multiply defined.


LaTeX Warning: Label `fig:3' multiply defined.


LaTeX Warning: Label `sub@fig:3' multiply defined.


LaTeX Warning: Label `fig:4' multiply defined.


LaTeX Warning: Label `sub@fig:4' multiply defined.


LaTeX Warning: Label `fig:5' multiply defined.


LaTeX Warning: Label `sub@fig:5' multiply defined.


LaTeX Warning: Label `fig:6' multiply defined.


LaTeX Warning: Label `sub@fig:6' multiply defined.


LaTeX Warning: Label `fig:7' multiply defined.


LaTeX Warning: Label `sub@fig:7' multiply defined.


LaTeX Warning: Label `fig:1' multiply defined.


LaTeX Warning: Label `sub@fig:1' multiply defined.


LaTeX Warning: Label `fig:2' multiply defined.


LaTeX Warning: Label `sub@fig:2' multiply defined.


LaTeX Warning: Label `fig:3' multiply defined.


LaTeX Warning: Label `sub@fig:3' multiply defined.


LaTeX Warning: Label `fig:4' multiply defined.


LaTeX Warning: Label `sub@fig:4' multiply defined.


LaTeX Warning: Label `fig:5' multiply defined.


LaTeX Warning: Label `sub@fig:5' multiply defined.


LaTeX Warning: Label `fig:6' multiply defined.


LaTeX Warning: Label `sub@fig:6' multiply defined.


LaTeX Warning: Label `fig:7' multiply defined.


LaTeX Warning: Label `sub@fig:7' multiply defined.

)
\openout1 = `supplement.aux'.

LaTeX Font Info:    Checking defaults for OML/cmm/m/it on input line 41.
LaTeX Font Info:    ... okay on input line 41.
LaTeX Font Info:    Checking defaults for OMS/cmsy/m/n on input line 41.
LaTeX Font Info:    ... okay on input line 41.
LaTeX Font Info:    Checking defaults for OT1/cmr/m/n on input line 41.
LaTeX Font Info:    ... okay on input line 41.
LaTeX Font Info:    Checking defaults for T1/cmr/m/n on input line 41.
LaTeX Font Info:    ... okay on input line 41.
LaTeX Font Info:    Checking defaults for TS1/cmr/m/n on input line 41.
LaTeX Font Info:    ... okay on input line 41.
LaTeX Font Info:    Checking defaults for OMX/cmex/m/n on input line 41.
LaTeX Font Info:    ... okay on input line 41.
LaTeX Font Info:    Checking defaults for U/cmr/m/n on input line 41.
LaTeX Font Info:    ... okay on input line 41.

-- Lines per column: 48 (approximate, difference = 2.15999pt).
Package caption Info: Begin \AtBeginDocument code.
Package caption Info: float package is loaded.
Package caption Info: longtable package is loaded.
(/usr/share/texlive/texmf-dist/tex/latex/caption/ltcaption.sty
Package: ltcaption 2020/05/30 v1.4b longtable captions (AR)
)
Package caption Info: threeparttable package is loaded.
Package caption Info: End \AtBeginDocument code.

(/usr/share/texlive/texmf-dist/tex/context/base/mkii/supp-pdf.mkii
[Loading MPS to PDF converter (version 2006.09.02).]
\scratchcounter=\count335
\scratchdimen=\dimen286
\scratchbox=\box76
\nofMPsegments=\count336
\nofMParguments=\count337
\everyMPshowfont=\toks34
\MPscratchCnt=\count338
\MPscratchDim=\dimen287
\MPnumerator=\count339
\makeMPintoPDFobject=\count340
\everyMPtoPDFconversion=\toks35
) (/usr/share/texlive/texmf-dist/tex/latex/epstopdf-pkg/epstopdf-base.sty
Package: epstopdf-base 2020-01-24 v2.11 Base part for package epstopdf
Package epstopdf-base Info: Redefining graphics rule for `.eps' on input line 4
85.

(/usr/share/texlive/texmf-dist/tex/latex/latexconfig/epstopdf-sys.cfg
File: epstopdf-sys.cfg 2010/07/13 v1.3 Configuration of (r)epstopdf for TeX Liv
e
))
(/usr/share/texlive/texmf-dist/tex/latex/translations/translations-basic-dictio
nary-english.trsl
File: translations-basic-dictionary-english.trsl (english translation file `tra
nslations-basic-dictionary')
)
Package translations Info: loading dictionary `translations-basic-dictionary' f
or `english'. on input line 41.

*geometry* driver: auto-detecting
*geometry* detected driver: pdftex
*geometry* verbose mode - [ preamble ] result:
* driver: pdftex
* paper: a4paper
* layout: <same size as paper>
* layoutoffset:(h,v)=(0.0pt,0.0pt)
* modes: 
* h-part:(L,W,R)=(81.94394pt, 433.62pt, 81.94394pt)
* v-part:(T,H,B)=(106.75473pt, 578.15999pt, 160.13213pt)
* \paperwidth=597.50787pt
* \paperheight=845.04684pt
* \textwidth=433.62pt
* \textheight=578.15999pt
* \oddsidemargin=9.67395pt
* \evensidemargin=9.67395pt
* \topmargin=3.91713pt
* \headheight=12.0pt
* \headsep=18.56761pt
* \topskip=12.0pt
* \footskip=40.5821pt
* \marginparwidth=20.0pt
* \marginparsep=10.0pt
* \columnsep=12.0pt
* \skip\footins=30.0pt
* \hoffset=0.0pt
* \voffset=0.0pt
* \mag=1000
* \@twocolumntrue
* \@twosidefalse
* \@mparswitchfalse
* \@reversemarginfalse
* (1in=72.27pt=25.4mm, 1cm=28.453pt)

LaTeX Font Info:    Trying to load font information for U+msa on input line 72.

(/usr/share/texlive/texmf-dist/tex/latex/amsfonts/umsa.fd
File: umsa.fd 2013/01/14 v3.01 AMS symbols A
)
LaTeX Font Info:    Trying to load font information for U+msb on input line 72.


(/usr/share/texlive/texmf-dist/tex/latex/amsfonts/umsb.fd
File: umsb.fd 2013/01/14 v3.01 AMS symbols B
)
</home/wojtyla/Documentos/Artigo_2023/IJCNN_Suplementary/Figures//CIC_Clean_PGD
 L1_bin_paper.png, id=1, 484.9317pt x 309.01448pt>
File: /home/wojtyla/Documentos/Artigo_2023/IJCNN_Suplementary/Figures//CIC_Clea
n_PGD L1_bin_paper.png Graphic file (type png)
<use /home/wojtyla/Documentos/Artigo_2023/IJCNN_Suplementary/Figures//CIC_Clean
_PGD L1_bin_paper.png>
Package pdftex.def Info: /home/wojtyla/Documentos/Artigo_2023/IJCNN_Suplementar
y/Figures//CIC_Clean_PGD L1_bin_paper.png  used on input line 113.
(pdftex.def)             Requested size: 195.12767pt x 124.34387pt.
</home/wojtyla/Documentos/Artigo_2023/IJCNN_Suplementary/Figures//CIC_IDS_PGD L
1_bin_paper.png, id=3, 484.9317pt x 309.01448pt>
File: /home/wojtyla/Documentos/Artigo_2023/IJCNN_Suplementary/Figures//CIC_IDS_
PGD L1_bin_paper.png Graphic file (type png)
<use /home/wojtyla/Documentos/Artigo_2023/IJCNN_Suplementary/Figures//CIC_IDS_P
GD L1_bin_paper.png>
Package pdftex.def Info: /home/wojtyla/Documentos/Artigo_2023/IJCNN_Suplementar
y/Figures//CIC_IDS_PGD L1_bin_paper.png  used on input line 119.
(pdftex.def)             Requested size: 195.12767pt x 124.34387pt.
</home/wojtyla/Documentos/Artigo_2023/IJCNN_Suplementary/Figures//CIC_Clean_PGD
 L2_bin_paper.png, id=4, 484.9317pt x 309.01448pt>
File: /home/wojtyla/Documentos/Artigo_2023/IJCNN_Suplementary/Figures//CIC_Clea
n_PGD L2_bin_paper.png Graphic file (type png)
<use /home/wojtyla/Documentos/Artigo_2023/IJCNN_Suplementary/Figures//CIC_Clean
_PGD L2_bin_paper.png>
Package pdftex.def Info: /home/wojtyla/Documentos/Artigo_2023/IJCNN_Suplementar
y/Figures//CIC_Clean_PGD L2_bin_paper.png  used on input line 125.
(pdftex.def)             Requested size: 195.12767pt x 124.34387pt.
</home/wojtyla/Documentos/Artigo_2023/IJCNN_Suplementary/Figures///CIC_IDS_PGD 
L2_bin_paper.png, id=5, 484.9317pt x 309.01448pt>
File: /home/wojtyla/Documentos/Artigo_2023/IJCNN_Suplementary/Figures///CIC_IDS
_PGD L2_bin_paper.png Graphic file (type png)
<use /home/wojtyla/Documentos/Artigo_2023/IJCNN_Suplementary/Figures///CIC_IDS_
PGD L2_bin_paper.png>
Package pdftex.def Info: /home/wojtyla/Documentos/Artigo_2023/IJCNN_Suplementar
y/Figures///CIC_IDS_PGD L2_bin_paper.png  used on input line 131.
(pdftex.def)             Requested size: 195.12767pt x 124.34387pt.
</home/wojtyla/Documentos/Artigo_2023/IJCNN_Suplementary/Figures//CIC_Clean_PGD
 Linf_bin_paper.png, id=6, 484.9317pt x 309.01448pt>
File: /home/wojtyla/Documentos/Artigo_2023/IJCNN_Suplementary/Figures//CIC_Clea
n_PGD Linf_bin_paper.png Graphic file (type png)
<use /home/wojtyla/Documentos/Artigo_2023/IJCNN_Suplementary/Figures//CIC_Clean
_PGD Linf_bin_paper.png>
Package pdftex.def Info: /home/wojtyla/Documentos/Artigo_2023/IJCNN_Suplementar
y/Figures//CIC_Clean_PGD Linf_bin_paper.png  used on input line 139.
(pdftex.def)             Requested size: 195.12767pt x 124.34387pt.
</home/wojtyla/Documentos/Artigo_2023/IJCNN_Suplementary/Figures///CIC_IDS_PGD 
Linf_bin_paper.png, id=7, 484.9317pt x 309.01448pt>
File: /home/wojtyla/Documentos/Artigo_2023/IJCNN_Suplementary/Figures///CIC_IDS
_PGD Linf_bin_paper.png Graphic file (type png)
<use /home/wojtyla/Documentos/Artigo_2023/IJCNN_Suplementary/Figures///CIC_IDS_
PGD Linf_bin_paper.png>
Package pdftex.def Info: /home/wojtyla/Documentos/Artigo_2023/IJCNN_Suplementar
y/Figures///CIC_IDS_PGD Linf_bin_paper.png  used on input line 145.
(pdftex.def)             Requested size: 195.12767pt x 124.34387pt.
 [1


{/var/lib/texmf/fonts/map/pdftex/updmap/pdftex.map}]
Overfull \hbox (54.18098pt too wide) in paragraph at lines 160--229
 []|  [] 
 []


LaTeX Warning: `h' float specifier changed to `ht'.

</home/wojtyla/Documentos/Artigo_2023/IJCNN_Suplementary/Figures//CIC_Clean_PGD
 L1_multi_paper.png, id=20, 484.9317pt x 309.01448pt>
File: /home/wojtyla/Documentos/Artigo_2023/IJCNN_Suplementary/Figures//CIC_Clea
n_PGD L1_multi_paper.png Graphic file (type png)
<use /home/wojtyla/Documentos/Artigo_2023/IJCNN_Suplementary/Figures//CIC_Clean
_PGD L1_multi_paper.png>
Package pdftex.def Info: /home/wojtyla/Documentos/Artigo_2023/IJCNN_Suplementar
y/Figures//CIC_Clean_PGD L1_multi_paper.png  used on input line 235.
(pdftex.def)             Requested size: 195.12767pt x 124.34387pt.
</home/wojtyla/Documentos/Artigo_2023/IJCNN_Suplementary/Figures///CIC_IDS_PGD 
L1_multi_paper.png, id=21, 484.9317pt x 309.01448pt>
File: /home/wojtyla/Documentos/Artigo_2023/IJCNN_Suplementary/Figures///CIC_IDS
_PGD L1_multi_paper.png Graphic file (type png)
<use /home/wojtyla/Documentos/Artigo_2023/IJCNN_Suplementary/Figures///CIC_IDS_
PGD L1_multi_paper.png>
Package pdftex.def Info: /home/wojtyla/Documentos/Artigo_2023/IJCNN_Suplementar
y/Figures///CIC_IDS_PGD L1_multi_paper.png  used on input line 241.
(pdftex.def)             Requested size: 195.12767pt x 124.34387pt.
</home/wojtyla/Documentos/Artigo_2023/IJCNN_Suplementary/Figures//CIC_Clean_PGD
 L2_multi_paper.png, id=22, 484.9317pt x 309.01448pt>
File: /home/wojtyla/Documentos/Artigo_2023/IJCNN_Suplementary/Figures//CIC_Clea
n_PGD L2_multi_paper.png Graphic file (type png)
<use /home/wojtyla/Documentos/Artigo_2023/IJCNN_Suplementary/Figures//CIC_Clean
_PGD L2_multi_paper.png>
Package pdftex.def Info: /home/wojtyla/Documentos/Artigo_2023/IJCNN_Suplementar
y/Figures//CIC_Clean_PGD L2_multi_paper.png  used on input line 247.
(pdftex.def)             Requested size: 195.12767pt x 124.34387pt.
</home/wojtyla/Documentos/Artigo_2023/IJCNN_Suplementary/Figures//CIC_IDS_PGD L
2_multi_paper.png, id=23, 484.9317pt x 309.01448pt>
File: /home/wojtyla/Documentos/Artigo_2023/IJCNN_Suplementary/Figures//CIC_IDS_
PGD L2_multi_paper.png Graphic file (type png)
<use /home/wojtyla/Documentos/Artigo_2023/IJCNN_Suplementary/Figures//CIC_IDS_P
GD L2_multi_paper.png>
Package pdftex.def Info: /home/wojtyla/Documentos/Artigo_2023/IJCNN_Suplementar
y/Figures//CIC_IDS_PGD L2_multi_paper.png  used on input line 253.
(pdftex.def)             Requested size: 195.12767pt x 124.34387pt.
</home/wojtyla/Documentos/Artigo_2023/IJCNN_Suplementary/Figures//CIC_Clean_PGD
 Linf_multi_paper.png, id=24, 484.9317pt x 309.01448pt>
File: /home/wojtyla/Documentos/Artigo_2023/IJCNN_Suplementary/Figures//CIC_Clea
n_PGD Linf_multi_paper.png Graphic file (type png)
<use /home/wojtyla/Documentos/Artigo_2023/IJCNN_Suplementary/Figures//CIC_Clean
_PGD Linf_multi_paper.png>
Package pdftex.def Info: /home/wojtyla/Documentos/Artigo_2023/IJCNN_Suplementar
y/Figures//CIC_Clean_PGD Linf_multi_paper.png  used on input line 261.
(pdftex.def)             Requested size: 195.12767pt x 124.34387pt.
</home/wojtyla/Documentos/Artigo_2023/IJCNN_Suplementary/Figures//CIC_IDS_PGD L
inf_multi_paper.png, id=25, 484.9317pt x 309.01448pt>
File: /home/wojtyla/Documentos/Artigo_2023/IJCNN_Suplementary/Figures//CIC_IDS_
PGD Linf_multi_paper.png Graphic file (type png)
<use /home/wojtyla/Documentos/Artigo_2023/IJCNN_Suplementary/Figures//CIC_IDS_P
GD Linf_multi_paper.png>
Package pdftex.def Info: /home/wojtyla/Documentos/Artigo_2023/IJCNN_Suplementar
y/Figures//CIC_IDS_PGD Linf_multi_paper.png  used on input line 267.
(pdftex.def)             Requested size: 195.12767pt x 124.34387pt.

Underfull \vbox (badness 10000) has occurred while \output is active []

 [2 </home/wojtyla/Documentos/Artigo_2023/IJCNN_Suplementary/Figures//CIC_Clean
_PGD L1_bin_paper.png> </home/wojtyla/Documentos/Artigo_2023/IJCNN_Suplementary
/Figures//CIC_IDS_PGD L1_bin_paper.png> </home/wojtyla/Documentos/Artigo_2023/I
JCNN_Suplementary/Figures//CIC_Clean_PGD L2_bin_paper.png> </home/wojtyla/Docum
entos/Artigo_2023/IJCNN_Suplementary/Figures///CIC_IDS_PGD L2_bin_paper.png> </
home/wojtyla/Documentos/Artigo_2023/IJCNN_Suplementary/Figures//CIC_Clean_PGD L
inf_bin_paper.png> </home/wojtyla/Documentos/Artigo_2023/IJCNN_Suplementary/Fig
ures///CIC_IDS_PGD Linf_bin_paper.png>]
Overfull \vbox (113.87175pt too high) has occurred while \output is active []


[3 </home/wojtyla/Documentos/Artigo_2023/IJCNN_Suplementary/Figures//CIC_Clean_
PGD L1_multi_paper.png> </home/wojtyla/Documentos/Artigo_2023/IJCNN_Suplementar
y/Figures///CIC_IDS_PGD L1_multi_paper.png> </home/wojtyla/Documentos/Artigo_20
23/IJCNN_Suplementary/Figures//CIC_Clean_PGD L2_multi_paper.png> </home/wojtyla
/Documentos/Artigo_2023/IJCNN_Suplementary/Figures//CIC_IDS_PGD L2_multi_paper.
png> </home/wojtyla/Documentos/Artigo_2023/IJCNN_Suplementary/Figures//CIC_Clea
n_PGD Linf_multi_paper.png> </home/wojtyla/Documentos/Artigo_2023/IJCNN_Supleme
ntary/Figures//CIC_IDS_PGD Linf_multi_paper.png>]
Overfull \hbox (26.13913pt too wide) in paragraph at lines 288--352
 [][] 
 []

</home/wojtyla/Documentos/Artigo_2023/IJCNN_Suplementary/Figures//UNSW_Clean_PG
D L1_bin_paper.png, id=44, 483.06473pt x 309.01448pt>
File: /home/wojtyla/Documentos/Artigo_2023/IJCNN_Suplementary/Figures//UNSW_Cle
an_PGD L1_bin_paper.png Graphic file (type png)
<use /home/wojtyla/Documentos/Artigo_2023/IJCNN_Suplementary/Figures//UNSW_Clea
n_PGD L1_bin_paper.png>
Package pdftex.def Info: /home/wojtyla/Documentos/Artigo_2023/IJCNN_Suplementar
y/Figures//UNSW_Clean_PGD L1_bin_paper.png  used on input line 360.
(pdftex.def)             Requested size: 195.12767pt x 124.82011pt.
</home/wojtyla/Documentos/Artigo_2023/IJCNN_Suplementary/Figures///UNSW_IDS_PGD
 L1_bin_paper.png, id=45, 483.06473pt x 309.01448pt>
File: /home/wojtyla/Documentos/Artigo_2023/IJCNN_Suplementary/Figures///UNSW_ID
S_PGD L1_bin_paper.png Graphic file (type png)
<use /home/wojtyla/Documentos/Artigo_2023/IJCNN_Suplementary/Figures///UNSW_IDS
_PGD L1_bin_paper.png>
Package pdftex.def Info: /home/wojtyla/Documentos/Artigo_2023/IJCNN_Suplementar
y/Figures///UNSW_IDS_PGD L1_bin_paper.png  used on input line 366.
(pdftex.def)             Requested size: 195.12767pt x 124.82011pt.
</home/wojtyla/Documentos/Artigo_2023/IJCNN_Suplementary/Figures//UNSW_Clean_PG
D L2_bin_paper.png, id=46, 483.06473pt x 309.01448pt>
File: /home/wojtyla/Documentos/Artigo_2023/IJCNN_Suplementary/Figures//UNSW_Cle
an_PGD L2_bin_paper.png Graphic file (type png)
<use /home/wojtyla/Documentos/Artigo_2023/IJCNN_Suplementary/Figures//UNSW_Clea
n_PGD L2_bin_paper.png>
Package pdftex.def Info: /home/wojtyla/Documentos/Artigo_2023/IJCNN_Suplementar
y/Figures//UNSW_Clean_PGD L2_bin_paper.png  used on input line 372.
(pdftex.def)             Requested size: 195.12767pt x 124.82011pt.
</home/wojtyla/Documentos/Artigo_2023/IJCNN_Suplementary/Figures///UNSW_IDS_PGD
 L2_bin_paper.png, id=47, 483.06473pt x 309.01448pt>
File: /home/wojtyla/Documentos/Artigo_2023/IJCNN_Suplementary/Figures///UNSW_ID
S_PGD L2_bin_paper.png Graphic file (type png)
<use /home/wojtyla/Documentos/Artigo_2023/IJCNN_Suplementary/Figures///UNSW_IDS
_PGD L2_bin_paper.png>
Package pdftex.def Info: /home/wojtyla/Documentos/Artigo_2023/IJCNN_Suplementar
y/Figures///UNSW_IDS_PGD L2_bin_paper.png  used on input line 378.
(pdftex.def)             Requested size: 195.12767pt x 124.82011pt.
</home/wojtyla/Documentos/Artigo_2023/IJCNN_Suplementary/Figures//UNSW_Clean_PG
D Linf_bin_paper.png, id=48, 483.06473pt x 309.01448pt>
File: /home/wojtyla/Documentos/Artigo_2023/IJCNN_Suplementary/Figures//UNSW_Cle
an_PGD Linf_bin_paper.png Graphic file (type png)
<use /home/wojtyla/Documentos/Artigo_2023/IJCNN_Suplementary/Figures//UNSW_Clea
n_PGD Linf_bin_paper.png>
Package pdftex.def Info: /home/wojtyla/Documentos/Artigo_2023/IJCNN_Suplementar
y/Figures//UNSW_Clean_PGD Linf_bin_paper.png  used on input line 386.
(pdftex.def)             Requested size: 195.12767pt x 124.82011pt.
</home/wojtyla/Documentos/Artigo_2023/IJCNN_Suplementary/Figures///UNSW_IDS_PGD
 Linf_bin_paper.png, id=49, 483.06473pt x 309.01448pt>
File: /home/wojtyla/Documentos/Artigo_2023/IJCNN_Suplementary/Figures///UNSW_ID
S_PGD Linf_bin_paper.png Graphic file (type png)
<use /home/wojtyla/Documentos/Artigo_2023/IJCNN_Suplementary/Figures///UNSW_IDS
_PGD Linf_bin_paper.png>
Package pdftex.def Info: /home/wojtyla/Documentos/Artigo_2023/IJCNN_Suplementar
y/Figures///UNSW_IDS_PGD Linf_bin_paper.png  used on input line 392.
(pdftex.def)             Requested size: 195.12767pt x 124.82011pt.

Overfull \hbox (58.77339pt too wide) in paragraph at lines 407--476
 []|  [] 
 []


Underfull \vbox (badness 10000) has occurred while \output is active []

 [4 </home/wojtyla/Documentos/Artigo_2023/IJCNN_Suplementary/Figures//UNSW_Clea
n_PGD L1_bin_paper.png> </home/wojtyla/Documentos/Artigo_2023/IJCNN_Suplementar
y/Figures///UNSW_IDS_PGD L1_bin_paper.png> </home/wojtyla/Documentos/Artigo_202
3/IJCNN_Suplementary/Figures//UNSW_Clean_PGD L2_bin_paper.png> </home/wojtyla/D
ocumentos/Artigo_2023/IJCNN_Suplementary/Figures///UNSW_IDS_PGD L2_bin_paper.pn
g> </home/wojtyla/Documentos/Artigo_2023/IJCNN_Suplementary/Figures//UNSW_Clean
_PGD Linf_bin_paper.png> </home/wojtyla/Documentos/Artigo_2023/IJCNN_Suplementa
ry/Figures///UNSW_IDS_PGD Linf_bin_paper.png>]
</home/wojtyla/Documentos/Artigo_2023/IJCNN_Suplementary/Figures/UNSW_Clean_PGD
 L1_multi_paper.png, id=59, 530.82315pt x 309.01448pt>
File: /home/wojtyla/Documentos/Artigo_2023/IJCNN_Suplementary/Figures/UNSW_Clea
n_PGD L1_multi_paper.png Graphic file (type png)
<use /home/wojtyla/Documentos/Artigo_2023/IJCNN_Suplementary/Figures/UNSW_Clean
_PGD L1_multi_paper.png>
Package pdftex.def Info: /home/wojtyla/Documentos/Artigo_2023/IJCNN_Suplementar
y/Figures/UNSW_Clean_PGD L1_multi_paper.png  used on input line 482.
(pdftex.def)             Requested size: 195.12767pt x 113.59328pt.
</home/wojtyla/Documentos/Artigo_2023/IJCNN_Suplementary/Figures//UNSW_IDS_PGD 
L1_multi_paper.png, id=60, 530.82315pt x 309.01448pt>
File: /home/wojtyla/Documentos/Artigo_2023/IJCNN_Suplementary/Figures//UNSW_IDS
_PGD L1_multi_paper.png Graphic file (type png)
<use /home/wojtyla/Documentos/Artigo_2023/IJCNN_Suplementary/Figures//UNSW_IDS_
PGD L1_multi_paper.png>
Package pdftex.def Info: /home/wojtyla/Documentos/Artigo_2023/IJCNN_Suplementar
y/Figures//UNSW_IDS_PGD L1_multi_paper.png  used on input line 488.
(pdftex.def)             Requested size: 195.12767pt x 113.59328pt.
</home/wojtyla/Documentos/Artigo_2023/IJCNN_Suplementary/Figures/UNSW_Clean_PGD
 L2_multi_paper.png, id=61, 530.82315pt x 309.01448pt>
File: /home/wojtyla/Documentos/Artigo_2023/IJCNN_Suplementary/Figures/UNSW_Clea
n_PGD L2_multi_paper.png Graphic file (type png)
<use /home/wojtyla/Documentos/Artigo_2023/IJCNN_Suplementary/Figures/UNSW_Clean
_PGD L2_multi_paper.png>
Package pdftex.def Info: /home/wojtyla/Documentos/Artigo_2023/IJCNN_Suplementar
y/Figures/UNSW_Clean_PGD L2_multi_paper.png  used on input line 494.
(pdftex.def)             Requested size: 195.12767pt x 113.59328pt.
</home/wojtyla/Documentos/Artigo_2023/IJCNN_Suplementary/Figures//UNSW_IDS_PGD 
L2_multi_paper.png, id=62, 530.82315pt x 309.01448pt>
File: /home/wojtyla/Documentos/Artigo_2023/IJCNN_Suplementary/Figures//UNSW_IDS
_PGD L2_multi_paper.png Graphic file (type png)
<use /home/wojtyla/Documentos/Artigo_2023/IJCNN_Suplementary/Figures//UNSW_IDS_
PGD L2_multi_paper.png>
Package pdftex.def Info: /home/wojtyla/Documentos/Artigo_2023/IJCNN_Suplementar
y/Figures//UNSW_IDS_PGD L2_multi_paper.png  used on input line 500.
(pdftex.def)             Requested size: 195.12767pt x 113.59328pt.
</home/wojtyla/Documentos/Artigo_2023/IJCNN_Suplementary/Figures/UNSW_Clean_PGD
 Linf_multi_paper.png, id=63, 530.82315pt x 309.01448pt>
File: /home/wojtyla/Documentos/Artigo_2023/IJCNN_Suplementary/Figures/UNSW_Clea
n_PGD Linf_multi_paper.png Graphic file (type png)
<use /home/wojtyla/Documentos/Artigo_2023/IJCNN_Suplementary/Figures/UNSW_Clean
_PGD Linf_multi_paper.png>
Package pdftex.def Info: /home/wojtyla/Documentos/Artigo_2023/IJCNN_Suplementar
y/Figures/UNSW_Clean_PGD Linf_multi_paper.png  used on input line 508.
(pdftex.def)             Requested size: 195.12767pt x 113.59328pt.
</home/wojtyla/Documentos/Artigo_2023/IJCNN_Suplementary/Figures//UNSW_IDS_PGD 
Linf_multi_paper.png, id=64, 530.82315pt x 309.01448pt>
File: /home/wojtyla/Documentos/Artigo_2023/IJCNN_Suplementary/Figures//UNSW_IDS
_PGD Linf_multi_paper.png Graphic file (type png)
<use /home/wojtyla/Documentos/Artigo_2023/IJCNN_Suplementary/Figures//UNSW_IDS_
PGD Linf_multi_paper.png>
Package pdftex.def Info: /home/wojtyla/Documentos/Artigo_2023/IJCNN_Suplementar
y/Figures//UNSW_IDS_PGD Linf_multi_paper.png  used on input line 514.
(pdftex.def)             Requested size: 195.12767pt x 113.59328pt.

Underfull \vbox (badness 10000) has occurred while \output is active []

 [5]
</home/wojtyla/Documentos/Artigo_2023/IJCNN_Suplementary/Figures//CIC_Clean_CW_
bin_paper.png, id=68, 484.9317pt x 294.98206pt>
File: /home/wojtyla/Documentos/Artigo_2023/IJCNN_Suplementary/Figures//CIC_Clea
n_CW_bin_paper.png Graphic file (type png)
<use /home/wojtyla/Documentos/Artigo_2023/IJCNN_Suplementary/Figures//CIC_Clean
_CW_bin_paper.png>
Package pdftex.def Info: /home/wojtyla/Documentos/Artigo_2023/IJCNN_Suplementar
y/Figures//CIC_Clean_CW_bin_paper.png  used on input line 574.
(pdftex.def)             Requested size: 195.12767pt x 118.69739pt.
</home/wojtyla/Documentos/Artigo_2023/IJCNN_Suplementary/Figures//CIC_IDS_CW_bi
n_paper.png, id=69, 484.9317pt x 294.98206pt>
File: /home/wojtyla/Documentos/Artigo_2023/IJCNN_Suplementary/Figures//CIC_IDS_
CW_bin_paper.png Graphic file (type png)
<use /home/wojtyla/Documentos/Artigo_2023/IJCNN_Suplementary/Figures//CIC_IDS_C
W_bin_paper.png>
Package pdftex.def Info: /home/wojtyla/Documentos/Artigo_2023/IJCNN_Suplementar
y/Figures//CIC_IDS_CW_bin_paper.png  used on input line 580.
(pdftex.def)             Requested size: 195.12767pt x 118.69739pt.

[6 </home/wojtyla/Documentos/Artigo_2023/IJCNN_Suplementary/Figures/UNSW_Clean_
PGD L1_multi_paper.png> </home/wojtyla/Documentos/Artigo_2023/IJCNN_Suplementar
y/Figures//UNSW_IDS_PGD L1_multi_paper.png> </home/wojtyla/Documentos/Artigo_20
23/IJCNN_Suplementary/Figures/UNSW_Clean_PGD L2_multi_paper.png> </home/wojtyla
/Documentos/Artigo_2023/IJCNN_Suplementary/Figures//UNSW_IDS_PGD L2_multi_paper
.png> </home/wojtyla/Documentos/Artigo_2023/IJCNN_Suplementary/Figures/UNSW_Cle
an_PGD Linf_multi_paper.png> </home/wojtyla/Documentos/Artigo_2023/IJCNN_Suplem
entary/Figures//UNSW_IDS_PGD Linf_multi_paper.png>]
Overfull \hbox (31.39255pt too wide) in paragraph at lines 595--625
 []|  [] 
 []

</home/wojtyla/Documentos/Artigo_2023/IJCNN_Suplementary/Figures//CIC_Clean_CW_
multi_paper.png, id=79, 484.9317pt x 294.98206pt>
File: /home/wojtyla/Documentos/Artigo_2023/IJCNN_Suplementary/Figures//CIC_Clea
n_CW_multi_paper.png Graphic file (type png)
<use /home/wojtyla/Documentos/Artigo_2023/IJCNN_Suplementary/Figures//CIC_Clean
_CW_multi_paper.png>
Package pdftex.def Info: /home/wojtyla/Documentos/Artigo_2023/IJCNN_Suplementar
y/Figures//CIC_Clean_CW_multi_paper.png  used on input line 631.
(pdftex.def)             Requested size: 195.12767pt x 118.69739pt.
</home/wojtyla/Documentos/Artigo_2023/IJCNN_Suplementary/Figures//CIC_IDS_CW_mu
lti_paper.png, id=80, 484.9317pt x 294.98206pt>
File: /home/wojtyla/Documentos/Artigo_2023/IJCNN_Suplementary/Figures//CIC_IDS_
CW_multi_paper.png Graphic file (type png)
<use /home/wojtyla/Documentos/Artigo_2023/IJCNN_Suplementary/Figures//CIC_IDS_C
W_multi_paper.png>
Package pdftex.def Info: /home/wojtyla/Documentos/Artigo_2023/IJCNN_Suplementar
y/Figures//CIC_IDS_CW_multi_paper.png  used on input line 637.
(pdftex.def)             Requested size: 195.12767pt x 118.69739pt.
</home/wojtyla/Documentos/Artigo_2023/IJCNN_Suplementary/Figures/UNSW_Clean_CW_
bin_paper.png, id=81, 483.06473pt x 294.98206pt>
File: /home/wojtyla/Documentos/Artigo_2023/IJCNN_Suplementary/Figures/UNSW_Clea
n_CW_bin_paper.png Graphic file (type png)
<use /home/wojtyla/Documentos/Artigo_2023/IJCNN_Suplementary/Figures/UNSW_Clean
_CW_bin_paper.png>
Package pdftex.def Info: /home/wojtyla/Documentos/Artigo_2023/IJCNN_Suplementar
y/Figures/UNSW_Clean_CW_bin_paper.png  used on input line 688.
(pdftex.def)             Requested size: 195.12767pt x 119.152pt.
</home/wojtyla/Documentos/Artigo_2023/IJCNN_Suplementary/Figures/UNSW_IDS_CW_bi
n_paper.png, id=82, 483.06473pt x 294.98206pt>
File: /home/wojtyla/Documentos/Artigo_2023/IJCNN_Suplementary/Figures/UNSW_IDS_
CW_bin_paper.png Graphic file (type png)
<use /home/wojtyla/Documentos/Artigo_2023/IJCNN_Suplementary/Figures/UNSW_IDS_C
W_bin_paper.png>
Package pdftex.def Info: /home/wojtyla/Documentos/Artigo_2023/IJCNN_Suplementar
y/Figures/UNSW_IDS_CW_bin_paper.png  used on input line 694.
(pdftex.def)             Requested size: 195.12767pt x 119.152pt.
[7 </home/wojtyla/Documentos/Artigo_2023/IJCNN_Suplementary/Figures//CIC_Clean_
CW_bin_paper.png> </home/wojtyla/Documentos/Artigo_2023/IJCNN_Suplementary/Figu
res//CIC_IDS_CW_bin_paper.png> </home/wojtyla/Documentos/Artigo_2023/IJCNN_Supl
ementary/Figures//CIC_Clean_CW_multi_paper.png> </home/wojtyla/Documentos/Artig
o_2023/IJCNN_Suplementary/Figures//CIC_IDS_CW_multi_paper.png>]
Overfull \hbox (56.0822pt too wide) in paragraph at lines 709--739
 []|  [] 
 []

</home/wojtyla/Documentos/Artigo_2023/IJCNN_Suplementary/Figures/UNSW_Clean_CW_
multi_paper.png, id=91, 530.82315pt x 294.98206pt>
File: /home/wojtyla/Documentos/Artigo_2023/IJCNN_Suplementary/Figures/UNSW_Clea
n_CW_multi_paper.png Graphic file (type png)
<use /home/wojtyla/Documentos/Artigo_2023/IJCNN_Suplementary/Figures/UNSW_Clean
_CW_multi_paper.png>
Package pdftex.def Info: /home/wojtyla/Documentos/Artigo_2023/IJCNN_Suplementar
y/Figures/UNSW_Clean_CW_multi_paper.png  used on input line 745.
(pdftex.def)             Requested size: 195.12767pt x 108.43498pt.
</home/wojtyla/Documentos/Artigo_2023/IJCNN_Suplementary/Figures/UNSW_IDS_CW_mu
lti_paper.png, id=92, 530.82315pt x 294.98206pt>
File: /home/wojtyla/Documentos/Artigo_2023/IJCNN_Suplementary/Figures/UNSW_IDS_
CW_multi_paper.png Graphic file (type png)
<use /home/wojtyla/Documentos/Artigo_2023/IJCNN_Suplementary/Figures/UNSW_IDS_C
W_multi_paper.png>
Package pdftex.def Info: /home/wojtyla/Documentos/Artigo_2023/IJCNN_Suplementar
y/Figures/UNSW_IDS_CW_multi_paper.png  used on input line 751.
(pdftex.def)             Requested size: 195.12767pt x 108.43498pt.

Underfull \vbox (badness 10000) has occurred while \output is active []

 [8 </home/wojtyla/Documentos/Artigo_2023/IJCNN_Suplementary/Figures/UNSW_Clean
_CW_bin_paper.png> </home/wojtyla/Documentos/Artigo_2023/IJCNN_Suplementary/Fig
ures/UNSW_IDS_CW_bin_paper.png> </home/wojtyla/Documentos/Artigo_2023/IJCNN_Sup
lementary/Figures/UNSW_Clean_CW_multi_paper.png> </home/wojtyla/Documentos/Arti
go_2023/IJCNN_Suplementary/Figures/UNSW_IDS_CW_multi_paper.png>]
</home/wojtyla/Documentos/Artigo_2023/IJCNN_Suplementary/Figures//CIC_Clean_DF_
bin_paper.png, id=100, 477.9456pt x 309.01448pt>
File: /home/wojtyla/Documentos/Artigo_2023/IJCNN_Suplementary/Figures//CIC_Clea
n_DF_bin_paper.png Graphic file (type png)
<use /home/wojtyla/Documentos/Artigo_2023/IJCNN_Suplementary/Figures//CIC_Clean
_DF_bin_paper.png>
Package pdftex.def Info: /home/wojtyla/Documentos/Artigo_2023/IJCNN_Suplementar
y/Figures//CIC_Clean_DF_bin_paper.png  used on input line 804.
(pdftex.def)             Requested size: 195.12767pt x 126.15923pt.
</home/wojtyla/Documentos/Artigo_2023/IJCNN_Suplementary/Figures//CIC_IDS_DF_bi
n_paper.png, id=101, 477.9456pt x 309.01448pt>
File: /home/wojtyla/Documentos/Artigo_2023/IJCNN_Suplementary/Figures//CIC_IDS_
DF_bin_paper.png Graphic file (type png)
<use /home/wojtyla/Documentos/Artigo_2023/IJCNN_Suplementary/Figures//CIC_IDS_D
F_bin_paper.png>
Package pdftex.def Info: /home/wojtyla/Documentos/Artigo_2023/IJCNN_Suplementar
y/Figures//CIC_IDS_DF_bin_paper.png  used on input line 810.
(pdftex.def)             Requested size: 195.12767pt x 126.15923pt.

Overfull \hbox (29.19928pt too wide) in paragraph at lines 827--854
 [][] 
 []

</home/wojtyla/Documentos/Artigo_2023/IJCNN_Suplementary/Figures//CIC_Clean_DF_
multi_paper.png, id=102, 477.9456pt x 309.01448pt>
File: /home/wojtyla/Documentos/Artigo_2023/IJCNN_Suplementary/Figures//CIC_Clea
n_DF_multi_paper.png Graphic file (type png)
<use /home/wojtyla/Documentos/Artigo_2023/IJCNN_Suplementary/Figures//CIC_Clean
_DF_multi_paper.png>
Package pdftex.def Info: /home/wojtyla/Documentos/Artigo_2023/IJCNN_Suplementar
y/Figures//CIC_Clean_DF_multi_paper.png  used on input line 859.
(pdftex.def)             Requested size: 195.12767pt x 126.15923pt.
</home/wojtyla/Documentos/Artigo_2023/IJCNN_Suplementary/Figures//CIC_IDS_DF_mu
lti_paper.png, id=103, 484.9317pt x 309.01448pt>
File: /home/wojtyla/Documentos/Artigo_2023/IJCNN_Suplementary/Figures//CIC_IDS_
DF_multi_paper.png Graphic file (type png)
<use /home/wojtyla/Documentos/Artigo_2023/IJCNN_Suplementary/Figures//CIC_IDS_D
F_multi_paper.png>
Package pdftex.def Info: /home/wojtyla/Documentos/Artigo_2023/IJCNN_Suplementar
y/Figures//CIC_IDS_DF_multi_paper.png  used on input line 865.
(pdftex.def)             Requested size: 195.12767pt x 124.34387pt.

Underfull \vbox (badness 10000) has occurred while \output is active []

 [9 </home/wojtyla/Documentos/Artigo_2023/IJCNN_Suplementary/Figures//CIC_Clean
_DF_bin_paper.png> </home/wojtyla/Documentos/Artigo_2023/IJCNN_Suplementary/Fig
ures//CIC_IDS_DF_bin_paper.png>]
</home/wojtyla/Documentos/Artigo_2023/IJCNN_Suplementary/Figures//UNSW_Clean_DF
_bin_paper.png, id=109, 483.06473pt x 309.01448pt>
File: /home/wojtyla/Documentos/Artigo_2023/IJCNN_Suplementary/Figures//UNSW_Cle
an_DF_bin_paper.png Graphic file (type png)
<use /home/wojtyla/Documentos/Artigo_2023/IJCNN_Suplementary/Figures//UNSW_Clea
n_DF_bin_paper.png>
Package pdftex.def Info: /home/wojtyla/Documentos/Artigo_2023/IJCNN_Suplementar
y/Figures//UNSW_Clean_DF_bin_paper.png  used on input line 909.
(pdftex.def)             Requested size: 195.12767pt x 124.82011pt.
</home/wojtyla/Documentos/Artigo_2023/IJCNN_Suplementary/Figures//UNSW_IDS_DF_b
in_paper.png, id=110, 483.06473pt x 309.01448pt>
File: /home/wojtyla/Documentos/Artigo_2023/IJCNN_Suplementary/Figures//UNSW_IDS
_DF_bin_paper.png Graphic file (type png)
<use /home/wojtyla/Documentos/Artigo_2023/IJCNN_Suplementary/Figures//UNSW_IDS_
DF_bin_paper.png>
Package pdftex.def Info: /home/wojtyla/Documentos/Artigo_2023/IJCNN_Suplementar
y/Figures//UNSW_IDS_DF_bin_paper.png  used on input line 915.
(pdftex.def)             Requested size: 195.12767pt x 124.82011pt.

Overfull \hbox (43.30305pt too wide) in paragraph at lines 931--963
 []|  [] 
 []


Underfull \vbox (badness 10000) has occurred while \output is active []

 [10 </home/wojtyla/Documentos/Artigo_2023/IJCNN_Suplementary/Figures//CIC_Clea
n_DF_multi_paper.png> </home/wojtyla/Documentos/Artigo_2023/IJCNN_Suplementary/
Figures//CIC_IDS_DF_multi_paper.png> </home/wojtyla/Documentos/Artigo_2023/IJCN
N_Suplementary/Figures//UNSW_Clean_DF_bin_paper.png> </home/wojtyla/Documentos/
Artigo_2023/IJCNN_Suplementary/Figures//UNSW_IDS_DF_bin_paper.png>]
</home/wojtyla/Documentos/Artigo_2023/IJCNN_Suplementary/Figures/UNSW_Clean_DF_
multi_paper.png, id=118, 530.82315pt x 309.01448pt>
File: /home/wojtyla/Documentos/Artigo_2023/IJCNN_Suplementary/Figures/UNSW_Clea
n_DF_multi_paper.png Graphic file (type png)
<use /home/wojtyla/Documentos/Artigo_2023/IJCNN_Suplementary/Figures/UNSW_Clean
_DF_multi_paper.png>
Package pdftex.def Info: /home/wojtyla/Documentos/Artigo_2023/IJCNN_Suplementar
y/Figures/UNSW_Clean_DF_multi_paper.png  used on input line 968.
(pdftex.def)             Requested size: 195.12767pt x 113.59328pt.
</home/wojtyla/Documentos/Artigo_2023/IJCNN_Suplementary/Figures/UNSW_IDS_DF_mu
lti_paper.png, id=119, 530.82315pt x 309.01448pt>
File: /home/wojtyla/Documentos/Artigo_2023/IJCNN_Suplementary/Figures/UNSW_IDS_
DF_multi_paper.png Graphic file (type png)
<use /home/wojtyla/Documentos/Artigo_2023/IJCNN_Suplementary/Figures/UNSW_IDS_D
F_multi_paper.png>
Package pdftex.def Info: /home/wojtyla/Documentos/Artigo_2023/IJCNN_Suplementar
y/Figures/UNSW_IDS_DF_multi_paper.png  used on input line 974.
(pdftex.def)             Requested size: 195.12767pt x 113.59328pt.
</home/wojtyla/Documentos/Artigo_2023/IJCNN_Suplementary/Figures//CIC_Clean_Bou
ndary_bin_paper.png, id=120, 477.9456pt x 258.7266pt>
File: /home/wojtyla/Documentos/Artigo_2023/IJCNN_Suplementary/Figures//CIC_Clea
n_Boundary_bin_paper.png Graphic file (type png)
<use /home/wojtyla/Documentos/Artigo_2023/IJCNN_Suplementary/Figures//CIC_Clean
_Boundary_bin_paper.png>
Package pdftex.def Info: /home/wojtyla/Documentos/Artigo_2023/IJCNN_Suplementar
y/Figures//CIC_Clean_Boundary_bin_paper.png  used on input line 1042.
(pdftex.def)             Requested size: 130.08731pt x 70.4177pt.
</home/wojtyla/Documentos/Artigo_2023/IJCNN_Suplementary/Figures//CIC_Clean_Hop
SkipJump_bin_paper.png, id=121, 477.9456pt x 258.7266pt>
File: /home/wojtyla/Documentos/Artigo_2023/IJCNN_Suplementary/Figures//CIC_Clea
n_HopSkipJump_bin_paper.png Graphic file (type png)
<use /home/wojtyla/Documentos/Artigo_2023/IJCNN_Suplementary/Figures//CIC_Clean
_HopSkipJump_bin_paper.png>
Package pdftex.def Info: /home/wojtyla/Documentos/Artigo_2023/IJCNN_Suplementar
y/Figures//CIC_Clean_HopSkipJump_bin_paper.png  used on input line 1048.
(pdftex.def)             Requested size: 130.08731pt x 70.4177pt.
</home/wojtyla/Documentos/Artigo_2023/IJCNN_Suplementary/Figures//CIC_Clean_Sig
nOPT_bin_paper.png, id=122, 477.9456pt x 258.7266pt>
File: /home/wojtyla/Documentos/Artigo_2023/IJCNN_Suplementary/Figures//CIC_Clea
n_SignOPT_bin_paper.png Graphic file (type png)
<use /home/wojtyla/Documentos/Artigo_2023/IJCNN_Suplementary/Figures//CIC_Clean
_SignOPT_bin_paper.png>
Package pdftex.def Info: /home/wojtyla/Documentos/Artigo_2023/IJCNN_Suplementar
y/Figures//CIC_Clean_SignOPT_bin_paper.png  used on input line 1054.
(pdftex.def)             Requested size: 130.08731pt x 70.4177pt.
</home/wojtyla/Documentos/Artigo_2023/IJCNN_Suplementary/Figures//CIC_IDS_Bound
ary_bin_paper.png, id=123, 477.9456pt x 258.7266pt>
File: /home/wojtyla/Documentos/Artigo_2023/IJCNN_Suplementary/Figures//CIC_IDS_
Boundary_bin_paper.png Graphic file (type png)
<use /home/wojtyla/Documentos/Artigo_2023/IJCNN_Suplementary/Figures//CIC_IDS_B
oundary_bin_paper.png>
Package pdftex.def Info: /home/wojtyla/Documentos/Artigo_2023/IJCNN_Suplementar
y/Figures//CIC_IDS_Boundary_bin_paper.png  used on input line 1063.
(pdftex.def)             Requested size: 130.08731pt x 70.4177pt.
</home/wojtyla/Documentos/Artigo_2023/IJCNN_Suplementary/Figures//CIC_IDS_HopSk
ipJump_bin_paper.png, id=124, 477.9456pt x 258.7266pt>
File: /home/wojtyla/Documentos/Artigo_2023/IJCNN_Suplementary/Figures//CIC_IDS_
HopSkipJump_bin_paper.png Graphic file (type png)
<use /home/wojtyla/Documentos/Artigo_2023/IJCNN_Suplementary/Figures//CIC_IDS_H
opSkipJump_bin_paper.png>
Package pdftex.def Info: /home/wojtyla/Documentos/Artigo_2023/IJCNN_Suplementar
y/Figures//CIC_IDS_HopSkipJump_bin_paper.png  used on input line 1069.
(pdftex.def)             Requested size: 130.08731pt x 70.4177pt.
</home/wojtyla/Documentos/Artigo_2023/IJCNN_Suplementary/Figures//CIC_IDS_SignO
PT_bin_paper.png, id=125, 477.9456pt x 258.7266pt>
File: /home/wojtyla/Documentos/Artigo_2023/IJCNN_Suplementary/Figures//CIC_IDS_
SignOPT_bin_paper.png Graphic file (type png)
<use /home/wojtyla/Documentos/Artigo_2023/IJCNN_Suplementary/Figures//CIC_IDS_S
ignOPT_bin_paper.png>
Package pdftex.def Info: /home/wojtyla/Documentos/Artigo_2023/IJCNN_Suplementar
y/Figures//CIC_IDS_SignOPT_bin_paper.png  used on input line 1075.
(pdftex.def)             Requested size: 130.08731pt x 70.4177pt.
 [11 </home/wojtyla/Documentos/Artigo_2023/IJCNN_Suplementary/Figures/UNSW_Clea
n_DF_multi_paper.png> </home/wojtyla/Documentos/Artigo_2023/IJCNN_Suplementary/
Figures/UNSW_IDS_DF_multi_paper.png>]
</home/wojtyla/Documentos/Artigo_2023/IJCNN_Suplementary/Figures//CIC_Clean_Bou
ndary_multi_paper.png, id=131, 477.9456pt x 258.7266pt>
File: /home/wojtyla/Documentos/Artigo_2023/IJCNN_Suplementary/Figures//CIC_Clea
n_Boundary_multi_paper.png Graphic file (type png)
<use /home/wojtyla/Documentos/Artigo_2023/IJCNN_Suplementary/Figures//CIC_Clean
_Boundary_multi_paper.png>
Package pdftex.def Info: /home/wojtyla/Documentos/Artigo_2023/IJCNN_Suplementar
y/Figures//CIC_Clean_Boundary_multi_paper.png  used on input line 1160.
(pdftex.def)             Requested size: 121.41306pt x 65.72371pt.
</home/wojtyla/Documentos/Artigo_2023/IJCNN_Suplementary/Figures//CIC_Clean_Hop
SkipJump_multi_paper.png, id=132, 477.9456pt x 258.7266pt>
File: /home/wojtyla/Documentos/Artigo_2023/IJCNN_Suplementary/Figures//CIC_Clea
n_HopSkipJump_multi_paper.png Graphic file (type png)
<use /home/wojtyla/Documentos/Artigo_2023/IJCNN_Suplementary/Figures//CIC_Clean
_HopSkipJump_multi_paper.png>
Package pdftex.def Info: /home/wojtyla/Documentos/Artigo_2023/IJCNN_Suplementar
y/Figures//CIC_Clean_HopSkipJump_multi_paper.png  used on input line 1166.
(pdftex.def)             Requested size: 121.41306pt x 65.72371pt.
</home/wojtyla/Documentos/Artigo_2023/IJCNN_Suplementary/Figures//CIC_Clean_Sig
nOPT_multi_paper.png, id=133, 477.9456pt x 258.7266pt>
File: /home/wojtyla/Documentos/Artigo_2023/IJCNN_Suplementary/Figures//CIC_Clea
n_SignOPT_multi_paper.png Graphic file (type png)
<use /home/wojtyla/Documentos/Artigo_2023/IJCNN_Suplementary/Figures//CIC_Clean
_SignOPT_multi_paper.png>
Package pdftex.def Info: /home/wojtyla/Documentos/Artigo_2023/IJCNN_Suplementar
y/Figures//CIC_Clean_SignOPT_multi_paper.png  used on input line 1172.
(pdftex.def)             Requested size: 121.41306pt x 65.72371pt.
</home/wojtyla/Documentos/Artigo_2023/IJCNN_Suplementary/Figures//CIC_IDS_Bound
ary_multi_paper.png, id=134, 477.9456pt x 258.7266pt>
File: /home/wojtyla/Documentos/Artigo_2023/IJCNN_Suplementary/Figures//CIC_IDS_
Boundary_multi_paper.png Graphic file (type png)
<use /home/wojtyla/Documentos/Artigo_2023/IJCNN_Suplementary/Figures//CIC_IDS_B
oundary_multi_paper.png>
Package pdftex.def Info: /home/wojtyla/Documentos/Artigo_2023/IJCNN_Suplementar
y/Figures//CIC_IDS_Boundary_multi_paper.png  used on input line 1180.
(pdftex.def)             Requested size: 121.41306pt x 65.72371pt.
</home/wojtyla/Documentos/Artigo_2023/IJCNN_Suplementary/Figures//CIC_IDS_HopSk
ipJump_multi_paper.png, id=135, 477.9456pt x 258.7266pt>
File: /home/wojtyla/Documentos/Artigo_2023/IJCNN_Suplementary/Figures//CIC_IDS_
HopSkipJump_multi_paper.png Graphic file (type png)
<use /home/wojtyla/Documentos/Artigo_2023/IJCNN_Suplementary/Figures//CIC_IDS_H
opSkipJump_multi_paper.png>
Package pdftex.def Info: /home/wojtyla/Documentos/Artigo_2023/IJCNN_Suplementar
y/Figures//CIC_IDS_HopSkipJump_multi_paper.png  used on input line 1186.
(pdftex.def)             Requested size: 121.41306pt x 65.72371pt.
</home/wojtyla/Documentos/Artigo_2023/IJCNN_Suplementary/Figures//CIC_IDS_SignO
PT_multi_paper.png, id=136, 477.9456pt x 258.7266pt>
File: /home/wojtyla/Documentos/Artigo_2023/IJCNN_Suplementary/Figures//CIC_IDS_
SignOPT_multi_paper.png Graphic file (type png)
<use /home/wojtyla/Documentos/Artigo_2023/IJCNN_Suplementary/Figures//CIC_IDS_S
ignOPT_multi_paper.png>
Package pdftex.def Info: /home/wojtyla/Documentos/Artigo_2023/IJCNN_Suplementar
y/Figures//CIC_IDS_SignOPT_multi_paper.png  used on input line 1192.
(pdftex.def)             Requested size: 121.41306pt x 65.72371pt.

Underfull \vbox (badness 10000) has occurred while \output is active []

 [12 </home/wojtyla/Documentos/Artigo_2023/IJCNN_Suplementary/Figures//CIC_Clea
n_Boundary_bin_paper.png> </home/wojtyla/Documentos/Artigo_2023/IJCNN_Suplement
ary/Figures//CIC_Clean_HopSkipJump_bin_paper.png> </home/wojtyla/Documentos/Art
igo_2023/IJCNN_Suplementary/Figures//CIC_Clean_SignOPT_bin_paper.png> </home/wo
jtyla/Documentos/Artigo_2023/IJCNN_Suplementary/Figures//CIC_IDS_Boundary_bin_p
aper.png> </home/wojtyla/Documentos/Artigo_2023/IJCNN_Suplementary/Figures//CIC
_IDS_HopSkipJump_bin_paper.png> </home/wojtyla/Documentos/Artigo_2023/IJCNN_Sup
lementary/Figures//CIC_IDS_SignOPT_bin_paper.png>]
</home/wojtyla/Documentos/Artigo_2023/IJCNN_Suplementary/Figures//UNSW_Clean_Bo
undary_bin_paper.png, id=146, 483.06473pt x 258.7266pt>
File: /home/wojtyla/Documentos/Artigo_2023/IJCNN_Suplementary/Figures//UNSW_Cle
an_Boundary_bin_paper.png Graphic file (type png)
<use /home/wojtyla/Documentos/Artigo_2023/IJCNN_Suplementary/Figures//UNSW_Clea
n_Boundary_bin_paper.png>
Package pdftex.def Info: /home/wojtyla/Documentos/Artigo_2023/IJCNN_Suplementar
y/Figures//UNSW_Clean_Boundary_bin_paper.png  used on input line 1280.
(pdftex.def)             Requested size: 130.08731pt x 69.67155pt.
</home/wojtyla/Documentos/Artigo_2023/IJCNN_Suplementary/Figures//UNSW_Clean_Ho
pSkipJump_bin_paper.png, id=147, 483.06473pt x 258.7266pt>
File: /home/wojtyla/Documentos/Artigo_2023/IJCNN_Suplementary/Figures//UNSW_Cle
an_HopSkipJump_bin_paper.png Graphic file (type png)
<use /home/wojtyla/Documentos/Artigo_2023/IJCNN_Suplementary/Figures//UNSW_Clea
n_HopSkipJump_bin_paper.png>
Package pdftex.def Info: /home/wojtyla/Documentos/Artigo_2023/IJCNN_Suplementar
y/Figures//UNSW_Clean_HopSkipJump_bin_paper.png  used on input line 1286.
(pdftex.def)             Requested size: 130.08731pt x 69.67155pt.
</home/wojtyla/Documentos/Artigo_2023/IJCNN_Suplementary/Figures//UNSW_Clean_Si
gnOPT_bin_paper.png, id=148, 483.06473pt x 258.7266pt>
File: /home/wojtyla/Documentos/Artigo_2023/IJCNN_Suplementary/Figures//UNSW_Cle
an_SignOPT_bin_paper.png Graphic file (type png)
<use /home/wojtyla/Documentos/Artigo_2023/IJCNN_Suplementary/Figures//UNSW_Clea
n_SignOPT_bin_paper.png>
Package pdftex.def Info: /home/wojtyla/Documentos/Artigo_2023/IJCNN_Suplementar
y/Figures//UNSW_Clean_SignOPT_bin_paper.png  used on input line 1292.
(pdftex.def)             Requested size: 130.08731pt x 69.67155pt.
</home/wojtyla/Documentos/Artigo_2023/IJCNN_Suplementary/Figures//UNSW_IDS_Boun
dary_bin_paper.png, id=149, 483.06473pt x 258.7266pt>
File: /home/wojtyla/Documentos/Artigo_2023/IJCNN_Suplementary/Figures//UNSW_IDS
_Boundary_bin_paper.png Graphic file (type png)
<use /home/wojtyla/Documentos/Artigo_2023/IJCNN_Suplementary/Figures//UNSW_IDS_
Boundary_bin_paper.png>
Package pdftex.def Info: /home/wojtyla/Documentos/Artigo_2023/IJCNN_Suplementar
y/Figures//UNSW_IDS_Boundary_bin_paper.png  used on input line 1300.
(pdftex.def)             Requested size: 130.08731pt x 69.67155pt.
</home/wojtyla/Documentos/Artigo_2023/IJCNN_Suplementary/Figures//UNSW_IDS_HopS
kipJump_bin_paper.png, id=150, 483.06473pt x 258.7266pt>
File: /home/wojtyla/Documentos/Artigo_2023/IJCNN_Suplementary/Figures//UNSW_IDS
_HopSkipJump_bin_paper.png Graphic file (type png)
<use /home/wojtyla/Documentos/Artigo_2023/IJCNN_Suplementary/Figures//UNSW_IDS_
HopSkipJump_bin_paper.png>
Package pdftex.def Info: /home/wojtyla/Documentos/Artigo_2023/IJCNN_Suplementar
y/Figures//UNSW_IDS_HopSkipJump_bin_paper.png  used on input line 1306.
(pdftex.def)             Requested size: 130.08731pt x 69.67155pt.
</home/wojtyla/Documentos/Artigo_2023/IJCNN_Suplementary/Figures//UNSW_IDS_Sign
OPT_bin_paper.png, id=151, 483.06473pt x 258.7266pt>
File: /home/wojtyla/Documentos/Artigo_2023/IJCNN_Suplementary/Figures//UNSW_IDS
_SignOPT_bin_paper.png Graphic file (type png)
<use /home/wojtyla/Documentos/Artigo_2023/IJCNN_Suplementary/Figures//UNSW_IDS_
SignOPT_bin_paper.png>
Package pdftex.def Info: /home/wojtyla/Documentos/Artigo_2023/IJCNN_Suplementar
y/Figures//UNSW_IDS_SignOPT_bin_paper.png  used on input line 1312.
(pdftex.def)             Requested size: 130.08731pt x 69.67155pt.

Underfull \vbox (badness 10000) has occurred while \output is active []

 [13 </home/wojtyla/Documentos/Artigo_2023/IJCNN_Suplementary/Figures//CIC_Clea
n_Boundary_multi_paper.png> </home/wojtyla/Documentos/Artigo_2023/IJCNN_Supleme
ntary/Figures//CIC_Clean_HopSkipJump_multi_paper.png> </home/wojtyla/Documentos
/Artigo_2023/IJCNN_Suplementary/Figures//CIC_Clean_SignOPT_multi_paper.png> </h
ome/wojtyla/Documentos/Artigo_2023/IJCNN_Suplementary/Figures//CIC_IDS_Boundary
_multi_paper.png> </home/wojtyla/Documentos/Artigo_2023/IJCNN_Suplementary/Figu
res//CIC_IDS_HopSkipJump_multi_paper.png> </home/wojtyla/Documentos/Artigo_2023
/IJCNN_Suplementary/Figures//CIC_IDS_SignOPT_multi_paper.png>]
</home/wojtyla/Documentos/Artigo_2023/IJCNN_Suplementary/Figures/UNSW_Clean_Bou
ndary_multi_paper.png, id=162, 530.82315pt x 258.7266pt>
File: /home/wojtyla/Documentos/Artigo_2023/IJCNN_Suplementary/Figures/UNSW_Clea
n_Boundary_multi_paper.png Graphic file (type png)
<use /home/wojtyla/Documentos/Artigo_2023/IJCNN_Suplementary/Figures/UNSW_Clean
_Boundary_multi_paper.png>
Package pdftex.def Info: /home/wojtyla/Documentos/Artigo_2023/IJCNN_Suplementar
y/Figures/UNSW_Clean_Boundary_multi_paper.png  used on input line 1398.
(pdftex.def)             Requested size: 130.08731pt x 63.40633pt.
</home/wojtyla/Documentos/Artigo_2023/IJCNN_Suplementary/Figures/UNSW_Clean_Hop
SkipJump_multi_paper.png, id=163, 530.82315pt x 258.7266pt>
File: /home/wojtyla/Documentos/Artigo_2023/IJCNN_Suplementary/Figures/UNSW_Clea
n_HopSkipJump_multi_paper.png Graphic file (type png)
<use /home/wojtyla/Documentos/Artigo_2023/IJCNN_Suplementary/Figures/UNSW_Clean
_HopSkipJump_multi_paper.png>
Package pdftex.def Info: /home/wojtyla/Documentos/Artigo_2023/IJCNN_Suplementar
y/Figures/UNSW_Clean_HopSkipJump_multi_paper.png  used on input line 1404.
(pdftex.def)             Requested size: 130.08731pt x 63.40633pt.
</home/wojtyla/Documentos/Artigo_2023/IJCNN_Suplementary/Figures/UNSW_Clean_Sig
nOPT_multi_paper.png, id=164, 530.82315pt x 258.7266pt>
File: /home/wojtyla/Documentos/Artigo_2023/IJCNN_Suplementary/Figures/UNSW_Clea
n_SignOPT_multi_paper.png Graphic file (type png)
<use /home/wojtyla/Documentos/Artigo_2023/IJCNN_Suplementary/Figures/UNSW_Clean
_SignOPT_multi_paper.png>
Package pdftex.def Info: /home/wojtyla/Documentos/Artigo_2023/IJCNN_Suplementar
y/Figures/UNSW_Clean_SignOPT_multi_paper.png  used on input line 1410.
(pdftex.def)             Requested size: 130.08731pt x 63.40633pt.
</home/wojtyla/Documentos/Artigo_2023/IJCNN_Suplementary/Figures/UNSW_IDS_Bound
ary_multi_paper.png, id=165, 530.82315pt x 258.7266pt>
File: /home/wojtyla/Documentos/Artigo_2023/IJCNN_Suplementary/Figures/UNSW_IDS_
Boundary_multi_paper.png Graphic file (type png)
<use /home/wojtyla/Documentos/Artigo_2023/IJCNN_Suplementary/Figures/UNSW_IDS_B
oundary_multi_paper.png>
Package pdftex.def Info: /home/wojtyla/Documentos/Artigo_2023/IJCNN_Suplementar
y/Figures/UNSW_IDS_Boundary_multi_paper.png  used on input line 1418.
(pdftex.def)             Requested size: 130.08731pt x 63.40633pt.
</home/wojtyla/Documentos/Artigo_2023/IJCNN_Suplementary/Figures/UNSW_IDS_HopSk
ipJump_multi_paper.png, id=166, 530.82315pt x 258.7266pt>
File: /home/wojtyla/Documentos/Artigo_2023/IJCNN_Suplementary/Figures/UNSW_IDS_
HopSkipJump_multi_paper.png Graphic file (type png)
<use /home/wojtyla/Documentos/Artigo_2023/IJCNN_Suplementary/Figures/UNSW_IDS_H
opSkipJump_multi_paper.png>
Package pdftex.def Info: /home/wojtyla/Documentos/Artigo_2023/IJCNN_Suplementar
y/Figures/UNSW_IDS_HopSkipJump_multi_paper.png  used on input line 1424.
(pdftex.def)             Requested size: 130.08731pt x 63.40633pt.
</home/wojtyla/Documentos/Artigo_2023/IJCNN_Suplementary/Figures/UNSW_IDS_SignO
PT_multi_paper.png, id=167, 530.82315pt x 258.7266pt>
File: /home/wojtyla/Documentos/Artigo_2023/IJCNN_Suplementary/Figures/UNSW_IDS_
SignOPT_multi_paper.png Graphic file (type png)
<use /home/wojtyla/Documentos/Artigo_2023/IJCNN_Suplementary/Figures/UNSW_IDS_S
ignOPT_multi_paper.png>
Package pdftex.def Info: /home/wojtyla/Documentos/Artigo_2023/IJCNN_Suplementar
y/Figures/UNSW_IDS_SignOPT_multi_paper.png  used on input line 1430.
(pdftex.def)             Requested size: 130.08731pt x 63.40633pt.

Underfull \vbox (badness 10000) has occurred while \output is active []

 [14 </home/wojtyla/Documentos/Artigo_2023/IJCNN_Suplementary/Figures//UNSW_Cle
an_Boundary_bin_paper.png> </home/wojtyla/Documentos/Artigo_2023/IJCNN_Suplemen
tary/Figures//UNSW_Clean_HopSkipJump_bin_paper.png> </home/wojtyla/Documentos/A
rtigo_2023/IJCNN_Suplementary/Figures//UNSW_Clean_SignOPT_bin_paper.png> </home
/wojtyla/Documentos/Artigo_2023/IJCNN_Suplementary/Figures//UNSW_IDS_Boundary_b
in_paper.png> </home/wojtyla/Documentos/Artigo_2023/IJCNN_Suplementary/Figures/
/UNSW_IDS_HopSkipJump_bin_paper.png> </home/wojtyla/Documentos/Artigo_2023/IJCN
N_Suplementary/Figures//UNSW_IDS_SignOPT_bin_paper.png>]
</home/wojtyla/Documentos/Artigo_2023/IJCNN_Suplementary/Figures/CIC_IDS_PGD L2
_bin_quantile_OOD.png, id=177, 467.94826pt x 288.17662pt>
File: /home/wojtyla/Documentos/Artigo_2023/IJCNN_Suplementary/Figures/CIC_IDS_P
GD L2_bin_quantile_OOD.png Graphic file (type png)
<use /home/wojtyla/Documentos/Artigo_2023/IJCNN_Suplementary/Figures/CIC_IDS_PG
D L2_bin_quantile_OOD.png>
Package pdftex.def Info: /home/wojtyla/Documentos/Artigo_2023/IJCNN_Suplementar
y/Figures/CIC_IDS_PGD L2_bin_quantile_OOD.png  used on input line 1545.
(pdftex.def)             Requested size: 195.12767pt x 120.1671pt.
</home/wojtyla/Documentos/Artigo_2023/IJCNN_Suplementary/Figures/CIC_IDS_PGD Li
nf_bin_quantile_OOD.png, id=178, 467.94826pt x 288.17662pt>
File: /home/wojtyla/Documentos/Artigo_2023/IJCNN_Suplementary/Figures/CIC_IDS_P
GD Linf_bin_quantile_OOD.png Graphic file (type png)
<use /home/wojtyla/Documentos/Artigo_2023/IJCNN_Suplementary/Figures/CIC_IDS_PG
D Linf_bin_quantile_OOD.png>
Package pdftex.def Info: /home/wojtyla/Documentos/Artigo_2023/IJCNN_Suplementar
y/Figures/CIC_IDS_PGD Linf_bin_quantile_OOD.png  used on input line 1551.
(pdftex.def)             Requested size: 195.12767pt x 120.1671pt.
</home/wojtyla/Documentos/Artigo_2023/IJCNN_Suplementary/Figures/CIC_IDS_CW_bin
_quantile_OOD.png, id=179, 467.94826pt x 288.17662pt>
File: /home/wojtyla/Documentos/Artigo_2023/IJCNN_Suplementary/Figures/CIC_IDS_C
W_bin_quantile_OOD.png Graphic file (type png)
<use /home/wojtyla/Documentos/Artigo_2023/IJCNN_Suplementary/Figures/CIC_IDS_CW
_bin_quantile_OOD.png>
Package pdftex.def Info: /home/wojtyla/Documentos/Artigo_2023/IJCNN_Suplementar
y/Figures/CIC_IDS_CW_bin_quantile_OOD.png  used on input line 1557.
(pdftex.def)             Requested size: 195.12767pt x 120.1671pt.
</home/wojtyla/Documentos/Artigo_2023/IJCNN_Suplementary/Figures/CIC_IDS_DF_bin
_quantile_OOD.png, id=180, 467.94826pt x 288.17662pt>
File: /home/wojtyla/Documentos/Artigo_2023/IJCNN_Suplementary/Figures/CIC_IDS_D
F_bin_quantile_OOD.png Graphic file (type png)
<use /home/wojtyla/Documentos/Artigo_2023/IJCNN_Suplementary/Figures/CIC_IDS_DF
_bin_quantile_OOD.png>
Package pdftex.def Info: /home/wojtyla/Documentos/Artigo_2023/IJCNN_Suplementar
y/Figures/CIC_IDS_DF_bin_quantile_OOD.png  used on input line 1563.
(pdftex.def)             Requested size: 195.12767pt x 120.1671pt.
</home/wojtyla/Documentos/Artigo_2023/IJCNN_Suplementary/Figures/CIC_IDS_Bounda
ry_Bin_OOD.png, id=181, 853.1875pt x 521.95pt>
File: /home/wojtyla/Documentos/Artigo_2023/IJCNN_Suplementary/Figures/CIC_IDS_B
oundary_Bin_OOD.png Graphic file (type png)
<use /home/wojtyla/Documentos/Artigo_2023/IJCNN_Suplementary/Figures/CIC_IDS_Bo
undary_Bin_OOD.png>
Package pdftex.def Info: /home/wojtyla/Documentos/Artigo_2023/IJCNN_Suplementar
y/Figures/CIC_IDS_Boundary_Bin_OOD.png  used on input line 1571.
(pdftex.def)             Requested size: 195.12767pt x 119.369pt.
</home/wojtyla/Documentos/Artigo_2023/IJCNN_Suplementary/Figures/CIC_IDS_HopSki
pJump_Bin_OOD.png, id=182, 877.2775pt x 521.95pt>
File: /home/wojtyla/Documentos/Artigo_2023/IJCNN_Suplementary/Figures/CIC_IDS_H
opSkipJump_Bin_OOD.png Graphic file (type png)
<use /home/wojtyla/Documentos/Artigo_2023/IJCNN_Suplementary/Figures/CIC_IDS_Ho
pSkipJump_Bin_OOD.png>
Package pdftex.def Info: /home/wojtyla/Documentos/Artigo_2023/IJCNN_Suplementar
y/Figures/CIC_IDS_HopSkipJump_Bin_OOD.png  used on input line 1577.
(pdftex.def)             Requested size: 195.12767pt x 116.0877pt.
</home/wojtyla/Documentos/Artigo_2023/IJCNN_Suplementary/Figures/CIC_IDS_SignOP
T_Bin_OOD.png, id=183, 877.2775pt x 521.95pt>
File: /home/wojtyla/Documentos/Artigo_2023/IJCNN_Suplementary/Figures/CIC_IDS_S
ignOPT_Bin_OOD.png Graphic file (type png)
<use /home/wojtyla/Documentos/Artigo_2023/IJCNN_Suplementary/Figures/CIC_IDS_Si
gnOPT_Bin_OOD.png>
Package pdftex.def Info: /home/wojtyla/Documentos/Artigo_2023/IJCNN_Suplementar
y/Figures/CIC_IDS_SignOPT_Bin_OOD.png  used on input line 1583.
(pdftex.def)             Requested size: 195.12767pt x 116.0877pt.
</home/wojtyla/Documentos/Artigo_2023/IJCNN_Suplementary/Figures/CIC_IDS_PGD L2
_multi_quantile_OOD.png, id=184, 467.94826pt x 288.17662pt>
File: /home/wojtyla/Documentos/Artigo_2023/IJCNN_Suplementary/Figures/CIC_IDS_P
GD L2_multi_quantile_OOD.png Graphic file (type png)
<use /home/wojtyla/Documentos/Artigo_2023/IJCNN_Suplementary/Figures/CIC_IDS_PG
D L2_multi_quantile_OOD.png>
Package pdftex.def Info: /home/wojtyla/Documentos/Artigo_2023/IJCNN_Suplementar
y/Figures/CIC_IDS_PGD L2_multi_quantile_OOD.png  used on input line 1689.
(pdftex.def)             Requested size: 195.12767pt x 120.1671pt.
</home/wojtyla/Documentos/Artigo_2023/IJCNN_Suplementary/Figures/CIC_IDS_PGD Li
nf_multi_quantile_OOD.png, id=185, 467.94826pt x 288.17662pt>
File: /home/wojtyla/Documentos/Artigo_2023/IJCNN_Suplementary/Figures/CIC_IDS_P
GD Linf_multi_quantile_OOD.png Graphic file (type png)
<use /home/wojtyla/Documentos/Artigo_2023/IJCNN_Suplementary/Figures/CIC_IDS_PG
D Linf_multi_quantile_OOD.png>
Package pdftex.def Info: /home/wojtyla/Documentos/Artigo_2023/IJCNN_Suplementar
y/Figures/CIC_IDS_PGD Linf_multi_quantile_OOD.png  used on input line 1695.
(pdftex.def)             Requested size: 195.12767pt x 120.1671pt.
</home/wojtyla/Documentos/Artigo_2023/IJCNN_Suplementary/Figures/CIC_IDS_CW_mul
ti_quantile_OOD.png, id=186, 467.94826pt x 288.17662pt>
File: /home/wojtyla/Documentos/Artigo_2023/IJCNN_Suplementary/Figures/CIC_IDS_C
W_multi_quantile_OOD.png Graphic file (type png)
<use /home/wojtyla/Documentos/Artigo_2023/IJCNN_Suplementary/Figures/CIC_IDS_CW
_multi_quantile_OOD.png>
Package pdftex.def Info: /home/wojtyla/Documentos/Artigo_2023/IJCNN_Suplementar
y/Figures/CIC_IDS_CW_multi_quantile_OOD.png  used on input line 1701.
(pdftex.def)             Requested size: 195.12767pt x 120.1671pt.
</home/wojtyla/Documentos/Artigo_2023/IJCNN_Suplementary/Figures/CIC_IDS_DF_mul
ti_quantile_OOD.png, id=187, 467.94826pt x 288.17662pt>
File: /home/wojtyla/Documentos/Artigo_2023/IJCNN_Suplementary/Figures/CIC_IDS_D
F_multi_quantile_OOD.png Graphic file (type png)
<use /home/wojtyla/Documentos/Artigo_2023/IJCNN_Suplementary/Figures/CIC_IDS_DF
_multi_quantile_OOD.png>
Package pdftex.def Info: /home/wojtyla/Documentos/Artigo_2023/IJCNN_Suplementar
y/Figures/CIC_IDS_DF_multi_quantile_OOD.png  used on input line 1707.
(pdftex.def)             Requested size: 195.12767pt x 120.1671pt.
</home/wojtyla/Documentos/Artigo_2023/IJCNN_Suplementary/Figures/CIC_IDS_Bounda
ry_multi_quantile_OOD.png, id=188, 467.94826pt x 272.4579pt>
File: /home/wojtyla/Documentos/Artigo_2023/IJCNN_Suplementary/Figures/CIC_IDS_B
oundary_multi_quantile_OOD.png Graphic file (type png)
<use /home/wojtyla/Documentos/Artigo_2023/IJCNN_Suplementary/Figures/CIC_IDS_Bo
undary_multi_quantile_OOD.png>
Package pdftex.def Info: /home/wojtyla/Documentos/Artigo_2023/IJCNN_Suplementar
y/Figures/CIC_IDS_Boundary_multi_quantile_OOD.png  used on input line 1715.
(pdftex.def)             Requested size: 195.12767pt x 113.61252pt.
</home/wojtyla/Documentos/Artigo_2023/IJCNN_Suplementary/Figures/CIC_IDS_HopSki
pJump_multi_quantile_OOD.png, id=189, 467.94826pt x 272.4579pt>
File: /home/wojtyla/Documentos/Artigo_2023/IJCNN_Suplementary/Figures/CIC_IDS_H
opSkipJump_multi_quantile_OOD.png Graphic file (type png)
<use /home/wojtyla/Documentos/Artigo_2023/IJCNN_Suplementary/Figures/CIC_IDS_Ho
pSkipJump_multi_quantile_OOD.png>
Package pdftex.def Info: /home/wojtyla/Documentos/Artigo_2023/IJCNN_Suplementar
y/Figures/CIC_IDS_HopSkipJump_multi_quantile_OOD.png  used on input line 1721.
(pdftex.def)             Requested size: 195.12767pt x 113.61252pt.
</home/wojtyla/Documentos/Artigo_2023/IJCNN_Suplementary/Figures/CIC_IDS_SignOP
T_multi_quantile_OOD.png, id=190, 467.94826pt x 272.4579pt>
File: /home/wojtyla/Documentos/Artigo_2023/IJCNN_Suplementary/Figures/CIC_IDS_S
ignOPT_multi_quantile_OOD.png Graphic file (type png)
<use /home/wojtyla/Documentos/Artigo_2023/IJCNN_Suplementary/Figures/CIC_IDS_Si
gnOPT_multi_quantile_OOD.png>
Package pdftex.def Info: /home/wojtyla/Documentos/Artigo_2023/IJCNN_Suplementar
y/Figures/CIC_IDS_SignOPT_multi_quantile_OOD.png  used on input line 1727.
(pdftex.def)             Requested size: 195.12767pt x 113.61252pt.

Underfull \vbox (badness 5622) has occurred while \output is active []

 [15 </home/wojtyla/Documentos/Artigo_2023/IJCNN_Suplementary/Figures/UNSW_Clea
n_Boundary_multi_paper.png> </home/wojtyla/Documentos/Artigo_2023/IJCNN_Supleme
ntary/Figures/UNSW_Clean_HopSkipJump_multi_paper.png> </home/wojtyla/Documentos
/Artigo_2023/IJCNN_Suplementary/Figures/UNSW_Clean_SignOPT_multi_paper.png> </h
ome/wojtyla/Documentos/Artigo_2023/IJCNN_Suplementary/Figures/UNSW_IDS_Boundary
_multi_paper.png> </home/wojtyla/Documentos/Artigo_2023/IJCNN_Suplementary/Figu
res/UNSW_IDS_HopSkipJump_multi_paper.png> </home/wojtyla/Documentos/Artigo_2023
/IJCNN_Suplementary/Figures/UNSW_IDS_SignOPT_multi_paper.png>]
Underfull \vbox (badness 10000) has occurred while \output is active []

 [16 </home/wojtyla/Documentos/Artigo_2023/IJCNN_Suplementary/Figures/CIC_IDS_P
GD L2_multi_quantile_OOD.png> </home/wojtyla/Documentos/Artigo_2023/IJCNN_Suple
mentary/Figures/CIC_IDS_PGD Linf_multi_quantile_OOD.png> </home/wojtyla/Documen
tos/Artigo_2023/IJCNN_Suplementary/Figures/CIC_IDS_CW_multi_quantile_OOD.png> <
/home/wojtyla/Documentos/Artigo_2023/IJCNN_Suplementary/Figures/CIC_IDS_DF_mult
i_quantile_OOD.png> </home/wojtyla/Documentos/Artigo_2023/IJCNN_Suplementary/Fi
gures/CIC_IDS_Boundary_multi_quantile_OOD.png> </home/wojtyla/Documentos/Artigo
_2023/IJCNN_Suplementary/Figures/CIC_IDS_HopSkipJump_multi_quantile_OOD.png> </
home/wojtyla/Documentos/Artigo_2023/IJCNN_Suplementary/Figures/CIC_IDS_SignOPT_
multi_quantile_OOD.png>] [17]
</home/wojtyla/Documentos/Artigo_2023/IJCNN_Suplementary/Figures/UNSW_IDS_PGD L
2_bin_paper_OOD.png, id=213, 483.06473pt x 309.01448pt>
File: /home/wojtyla/Documentos/Artigo_2023/IJCNN_Suplementary/Figures/UNSW_IDS_
PGD L2_bin_paper_OOD.png Graphic file (type png)
<use /home/wojtyla/Documentos/Artigo_2023/IJCNN_Suplementary/Figures/UNSW_IDS_P
GD L2_bin_paper_OOD.png>
Package pdftex.def Info: /home/wojtyla/Documentos/Artigo_2023/IJCNN_Suplementar
y/Figures/UNSW_IDS_PGD L2_bin_paper_OOD.png  used on input line 1835.
(pdftex.def)             Requested size: 195.12767pt x 124.82011pt.
</home/wojtyla/Documentos/Artigo_2023/IJCNN_Suplementary/Figures/UNSW_IDS_PGD L
inf_bin_paper_OOD.png, id=214, 483.06473pt x 309.01448pt>
File: /home/wojtyla/Documentos/Artigo_2023/IJCNN_Suplementary/Figures/UNSW_IDS_
PGD Linf_bin_paper_OOD.png Graphic file (type png)
<use /home/wojtyla/Documentos/Artigo_2023/IJCNN_Suplementary/Figures/UNSW_IDS_P
GD Linf_bin_paper_OOD.png>
Package pdftex.def Info: /home/wojtyla/Documentos/Artigo_2023/IJCNN_Suplementar
y/Figures/UNSW_IDS_PGD Linf_bin_paper_OOD.png  used on input line 1841.
(pdftex.def)             Requested size: 195.12767pt x 124.82011pt.
</home/wojtyla/Documentos/Artigo_2023/IJCNN_Suplementary/Figures/UNSW_IDS_CW_bi
n_paper_OOD.png, id=215, 483.06473pt x 294.98206pt>
File: /home/wojtyla/Documentos/Artigo_2023/IJCNN_Suplementary/Figures/UNSW_IDS_
CW_bin_paper_OOD.png Graphic file (type png)
<use /home/wojtyla/Documentos/Artigo_2023/IJCNN_Suplementary/Figures/UNSW_IDS_C
W_bin_paper_OOD.png>
Package pdftex.def Info: /home/wojtyla/Documentos/Artigo_2023/IJCNN_Suplementar
y/Figures/UNSW_IDS_CW_bin_paper_OOD.png  used on input line 1847.
(pdftex.def)             Requested size: 195.12767pt x 119.152pt.
</home/wojtyla/Documentos/Artigo_2023/IJCNN_Suplementary/Figures/UNSW_IDS_DF_bi
n_paper_OOD.png, id=216, 483.06473pt x 309.01448pt>
File: /home/wojtyla/Documentos/Artigo_2023/IJCNN_Suplementary/Figures/UNSW_IDS_
DF_bin_paper_OOD.png Graphic file (type png)
<use /home/wojtyla/Documentos/Artigo_2023/IJCNN_Suplementary/Figures/UNSW_IDS_D
F_bin_paper_OOD.png>
Package pdftex.def Info: /home/wojtyla/Documentos/Artigo_2023/IJCNN_Suplementar
y/Figures/UNSW_IDS_DF_bin_paper_OOD.png  used on input line 1853.
(pdftex.def)             Requested size: 195.12767pt x 124.82011pt.
</home/wojtyla/Documentos/Artigo_2023/IJCNN_Suplementary/Figures/UNSW_IDS_Bound
ary_Bin_OOD.png, id=217, 844.15375pt x 521.95pt>
File: /home/wojtyla/Documentos/Artigo_2023/IJCNN_Suplementary/Figures/UNSW_IDS_
Boundary_Bin_OOD.png Graphic file (type png)
<use /home/wojtyla/Documentos/Artigo_2023/IJCNN_Suplementary/Figures/UNSW_IDS_B
oundary_Bin_OOD.png>
Package pdftex.def Info: /home/wojtyla/Documentos/Artigo_2023/IJCNN_Suplementar
y/Figures/UNSW_IDS_Boundary_Bin_OOD.png  used on input line 1861.
(pdftex.def)             Requested size: 195.12767pt x 120.65126pt.
</home/wojtyla/Documentos/Artigo_2023/IJCNN_Suplementary/Figures/UNSW_IDS_HopSk
ipJump_Bin_OOD.png, id=218, 844.15375pt x 521.95pt>
File: /home/wojtyla/Documentos/Artigo_2023/IJCNN_Suplementary/Figures/UNSW_IDS_
HopSkipJump_Bin_OOD.png Graphic file (type png)
<use /home/wojtyla/Documentos/Artigo_2023/IJCNN_Suplementary/Figures/UNSW_IDS_H
opSkipJump_Bin_OOD.png>
Package pdftex.def Info: /home/wojtyla/Documentos/Artigo_2023/IJCNN_Suplementar
y/Figures/UNSW_IDS_HopSkipJump_Bin_OOD.png  used on input line 1867.
(pdftex.def)             Requested size: 195.12767pt x 120.65126pt.
</home/wojtyla/Documentos/Artigo_2023/IJCNN_Suplementary/Figures/UNSW_IDS_SignO
PT_Bin_OOD.png, id=219, 844.15375pt x 521.95pt>
File: /home/wojtyla/Documentos/Artigo_2023/IJCNN_Suplementary/Figures/UNSW_IDS_
SignOPT_Bin_OOD.png Graphic file (type png)
<use /home/wojtyla/Documentos/Artigo_2023/IJCNN_Suplementary/Figures/UNSW_IDS_S
ignOPT_Bin_OOD.png>
Package pdftex.def Info: /home/wojtyla/Documentos/Artigo_2023/IJCNN_Suplementar
y/Figures/UNSW_IDS_SignOPT_Bin_OOD.png  used on input line 1873.
(pdftex.def)             Requested size: 195.12767pt x 120.65126pt.

Underfull \vbox (badness 10000) has occurred while \output is active []

 [18

 </home/wojtyla/Documentos/Artigo_2023/IJCNN_Suplementary/Figures/UNSW_IDS_PGD 
L2_bin_paper_OOD.png> </home/wojtyla/Documentos/Artigo_2023/IJCNN_Suplementary/
Figures/UNSW_IDS_PGD Linf_bin_paper_OOD.png> </home/wojtyla/Documentos/Artigo_2
023/IJCNN_Suplementary/Figures/UNSW_IDS_CW_bin_paper_OOD.png> </home/wojtyla/Do
cumentos/Artigo_2023/IJCNN_Suplementary/Figures/UNSW_IDS_DF_bin_paper_OOD.png> 
</home/wojtyla/Documentos/Artigo_2023/IJCNN_Suplementary/Figures/UNSW_IDS_Bound
ary_Bin_OOD.png> </home/wojtyla/Documentos/Artigo_2023/IJCNN_Suplementary/Figur
es/UNSW_IDS_HopSkipJump_Bin_OOD.png> </home/wojtyla/Documentos/Artigo_2023/IJCN
N_Suplementary/Figures/UNSW_IDS_SignOPT_Bin_OOD.png>]
</home/wojtyla/Documentos/Artigo_2023/IJCNN_Suplementary/Figures/UNSW_IDS_PGD L
2_multi_quantile_OOD.png, id=230, 467.94826pt x 288.17662pt>
File: /home/wojtyla/Documentos/Artigo_2023/IJCNN_Suplementary/Figures/UNSW_IDS_
PGD L2_multi_quantile_OOD.png Graphic file (type png)
<use /home/wojtyla/Documentos/Artigo_2023/IJCNN_Suplementary/Figures/UNSW_IDS_P
GD L2_multi_quantile_OOD.png>
Package pdftex.def Info: /home/wojtyla/Documentos/Artigo_2023/IJCNN_Suplementar
y/Figures/UNSW_IDS_PGD L2_multi_quantile_OOD.png  used on input line 1975.
(pdftex.def)             Requested size: 195.12767pt x 120.1671pt.
</home/wojtyla/Documentos/Artigo_2023/IJCNN_Suplementary/Figures/UNSW_IDS_PGD L
inf_multi_quantile_OOD.png, id=231, 467.94826pt x 288.17662pt>
File: /home/wojtyla/Documentos/Artigo_2023/IJCNN_Suplementary/Figures/UNSW_IDS_
PGD Linf_multi_quantile_OOD.png Graphic file (type png)
<use /home/wojtyla/Documentos/Artigo_2023/IJCNN_Suplementary/Figures/UNSW_IDS_P
GD Linf_multi_quantile_OOD.png>
Package pdftex.def Info: /home/wojtyla/Documentos/Artigo_2023/IJCNN_Suplementar
y/Figures/UNSW_IDS_PGD Linf_multi_quantile_OOD.png  used on input line 1981.
(pdftex.def)             Requested size: 195.12767pt x 120.1671pt.
</home/wojtyla/Documentos/Artigo_2023/IJCNN_Suplementary/Figures/UNSW_IDS_CW_mu
lti_quantile_OOD.png, id=232, 467.94826pt x 288.17662pt>
File: /home/wojtyla/Documentos/Artigo_2023/IJCNN_Suplementary/Figures/UNSW_IDS_
CW_multi_quantile_OOD.png Graphic file (type png)
<use /home/wojtyla/Documentos/Artigo_2023/IJCNN_Suplementary/Figures/UNSW_IDS_C
W_multi_quantile_OOD.png>
Package pdftex.def Info: /home/wojtyla/Documentos/Artigo_2023/IJCNN_Suplementar
y/Figures/UNSW_IDS_CW_multi_quantile_OOD.png  used on input line 1987.
(pdftex.def)             Requested size: 195.12767pt x 120.1671pt.
</home/wojtyla/Documentos/Artigo_2023/IJCNN_Suplementary/Figures/UNSW_IDS_DF_mu
lti_quantile_OOD.png, id=233, 467.94826pt x 288.17662pt>
File: /home/wojtyla/Documentos/Artigo_2023/IJCNN_Suplementary/Figures/UNSW_IDS_
DF_multi_quantile_OOD.png Graphic file (type png)
<use /home/wojtyla/Documentos/Artigo_2023/IJCNN_Suplementary/Figures/UNSW_IDS_D
F_multi_quantile_OOD.png>
Package pdftex.def Info: /home/wojtyla/Documentos/Artigo_2023/IJCNN_Suplementar
y/Figures/UNSW_IDS_DF_multi_quantile_OOD.png  used on input line 1993.
(pdftex.def)             Requested size: 195.12767pt x 120.1671pt.
</home/wojtyla/Documentos/Artigo_2023/IJCNN_Suplementary/Figures/UNSW_IDS_Bound
ary_multi_OOD.png, id=234, 877.2775pt x 521.95pt>
File: /home/wojtyla/Documentos/Artigo_2023/IJCNN_Suplementary/Figures/UNSW_IDS_
Boundary_multi_OOD.png Graphic file (type png)
<use /home/wojtyla/Documentos/Artigo_2023/IJCNN_Suplementary/Figures/UNSW_IDS_B
oundary_multi_OOD.png>
Package pdftex.def Info: /home/wojtyla/Documentos/Artigo_2023/IJCNN_Suplementar
y/Figures/UNSW_IDS_Boundary_multi_OOD.png  used on input line 2001.
(pdftex.def)             Requested size: 195.12767pt x 116.0877pt.
</home/wojtyla/Documentos/Artigo_2023/IJCNN_Suplementary/Figures/UNSW_IDS_HopSk
ipJump_multi_OOD.png, id=235, 877.2775pt x 521.95pt>
File: /home/wojtyla/Documentos/Artigo_2023/IJCNN_Suplementary/Figures/UNSW_IDS_
HopSkipJump_multi_OOD.png Graphic file (type png)
<use /home/wojtyla/Documentos/Artigo_2023/IJCNN_Suplementary/Figures/UNSW_IDS_H
opSkipJump_multi_OOD.png>
Package pdftex.def Info: /home/wojtyla/Documentos/Artigo_2023/IJCNN_Suplementar
y/Figures/UNSW_IDS_HopSkipJump_multi_OOD.png  used on input line 2007.
(pdftex.def)             Requested size: 195.12767pt x 116.0877pt.
</home/wojtyla/Documentos/Artigo_2023/IJCNN_Suplementary/Figures/UNSW_IDS_SignO
PT_multi_OOD.png, id=236, 877.2775pt x 521.95pt>
File: /home/wojtyla/Documentos/Artigo_2023/IJCNN_Suplementary/Figures/UNSW_IDS_
SignOPT_multi_OOD.png Graphic file (type png)
<use /home/wojtyla/Documentos/Artigo_2023/IJCNN_Suplementary/Figures/UNSW_IDS_S
ignOPT_multi_OOD.png>
Package pdftex.def Info: /home/wojtyla/Documentos/Artigo_2023/IJCNN_Suplementar
y/Figures/UNSW_IDS_SignOPT_multi_OOD.png  used on input line 2013.
(pdftex.def)             Requested size: 195.12767pt x 116.0877pt.

Underfull \vbox (badness 10000) has occurred while \output is active []

 [19]

** Conference Paper **
Before submitting the final camera ready copy, remember to:

 1. Manually equalize the lengths of two columns on the last page
 of your paper;

 2. Ensure that any PostScript and/or PDF output post-processing
 uses only Type 1 fonts and that every step in the generation
 process uses the appropriate paper size.

[20 </home/wojtyla/Documentos/Artigo_2023/IJCNN_Suplementary/Figures/UNSW_IDS_P
GD L2_multi_quantile_OOD.png> </home/wojtyla/Documentos/Artigo_2023/IJCNN_Suple
mentary/Figures/UNSW_IDS_PGD Linf_multi_quantile_OOD.png> </home/wojtyla/Docume
ntos/Artigo_2023/IJCNN_Suplementary/Figures/UNSW_IDS_CW_multi_quantile_OOD.png>
 </home/wojtyla/Documentos/Artigo_2023/IJCNN_Suplementary/Figures/UNSW_IDS_DF_m
ulti_quantile_OOD.png> </home/wojtyla/Documentos/Artigo_2023/IJCNN_Suplementary
/Figures/UNSW_IDS_Boundary_multi_OOD.png> </home/wojtyla/Documentos/Artigo_2023
/IJCNN_Suplementary/Figures/UNSW_IDS_HopSkipJump_multi_OOD.png> </home/wojtyla/
Documentos/Artigo_2023/IJCNN_Suplementary/Figures/UNSW_IDS_SignOPT_multi_OOD.pn
g>] (./supplement.aux)

LaTeX Warning: There were multiply-defined labels.

 ) 
Here is how much of TeX's memory you used:
 12853 strings out of 480154
 311758 string characters out of 5893789
 592317 words of memory out of 5000000
 30543 multiletter control sequences out of 15000+600000
 505094 words of font info for 98 fonts, out of 8000000 for 9000
 61 hyphenation exceptions out of 8191
 84i,14n,90p,618b,513s stack positions out of 5000i,500n,10000p,200000b,80000s
{/usr/share/texlive/texmf-dist/fonts/enc/dvips/base/8r.enc}</usr/share/texliv
e/texmf-dist/fonts/type1/public/amsfonts/cm/cmmi9.pfb></usr/share/texlive/texmf
-dist/fonts/type1/public/amsfonts/cm/cmr6.pfb></usr/share/texlive/texmf-dist/fo
nts/type1/public/amsfonts/cm/cmsy6.pfb></usr/share/texlive/texmf-dist/fonts/typ
e1/urw/times/utmb8a.pfb></usr/share/texlive/texmf-dist/fonts/type1/urw/times/ut
mb8a.pfb></usr/share/texlive/texmf-dist/fonts/type1/urw/times/utmr8a.pfb></usr/
share/texlive/texmf-dist/fonts/type1/urw/times/utmri8a.pfb>
Output written on supplement.pdf (20 pages, 36455358 bytes).
PDF statistics:
 283 PDF objects out of 1000 (max. 8388607)
 69 compressed objects within 1 object stream
 0 named destinations out of 1000 (max. 500000)
 461 words of extra memory for PDF output out of 10000 (max. 10000000)

